[1, 2, 10, 36, 27, 7, 0]
[1, 2, 10, 36, 27, 7, 0]
--------------------
0
3021
--------------------
1
--------------------
2
627
--------------------
3
2639
--------------------
4
2702
--------------------
5
--------------------
6
1740
--------------------
7
2005
--------------------
8
--------------------
9
--------------------
10
3076
--------------------
11
3738
--------------------
12
3715
--------------------
13
1995
--------------------
14
1734
--------------------
15
2302
--------------------
16
1775
--------------------
17
4720
--------------------
18
2793
--------------------
19
1033
--------------------
20
2822
--------------------
21
--------------------
22
3767
--------------------
23
4090
--------------------
24
2488
--------------------
25
1980
--------------------
26
--------------------
27
--------------------
28
4394
--------------------
29
1928
--------------------
30
--------------------
31
--------------------
32
122
--------------------
33
1023
--------------------
34
3950
--------------------
35
3353
--------------------
36
1030
--------------------
37
4215
--------------------
38
3843
--------------------
39
3425
--------------------
40
4725
--------------------
41
718
--------------------
42
--------------------
43
--------------------
44
4680
--------------------
45
3564
--------------------
46
329
--------------------
47
2867
--------------------
48
3310
--------------------
49
442
--------------------
50
1301
--------------------
51
--------------------
52
--------------------
53
--------------------
54
2647
--------------------
55
60
--------------------
56
2627
--------------------
57
917
--------------------
58
2737
--------------------
59
2360
--------------------
60
--------------------
61
3456
--------------------
62
825
--------------------
63
--------------------
64
--------------------
65
--------------------
66
50
--------------------
67
18
--------------------
68
--------------------
69
2
--------------------
70
--------------------
71
1898
--------------------
72
1899
--------------------
73
3057
--------------------
74
2423
--------------------
75
1684
--------------------
76
3788
--------------------
77
1638
--------------------
78
4972
--------------------
79
--------------------
80
2823
--------------------
81
1992
--------------------
82
--------------------
83
3654
--------------------
84
--------------------
85
4255
--------------------
86
--------------------
87
2004
--------------------
88
3678
--------------------
89
36
--------------------
90
3732
--------------------
91
47
--------------------
92
1870
--------------------
93
3873
--------------------
94
2601
--------------------
95
2430
--------------------
96
3172
--------------------
97
4089
--------------------
98
2810
--------------------
99
--------------------
100
--------------------
101
2219
--------------------
102
3388
--------------------
103
2783
--------------------
104
2846
--------------------
105
3265
--------------------
106
--------------------
107
--------------------
108
4680
--------------------
109
2716
--------------------
110
1899
--------------------
111
2270
--------------------
112
4059
--------------------
113
3727
--------------------
114
--------------------
115
3844
--------------------
116
4067
--------------------
117
2425
--------------------
118
3335
--------------------
119
--------------------
120
2274
--------------------
121
49
--------------------
122
1363
--------------------
123
48
--------------------
124
3658
--------------------
125
--------------------
126
1645
--------------------
127
222
--------------------
128
--------------------
129
3625
--------------------
130
2829
--------------------
131
3943
--------------------
132
--------------------
133
3578
--------------------
134
--------------------
135
2491
--------------------
136
1707
--------------------
137
598
--------------------
138
--------------------
139
--------------------
140
82
--------------------
141
2360
--------------------
142
1944
--------------------
143
3856
--------------------
144
--------------------
145
4045
--------------------
146
--------------------
147
--------------------
148
--------------------
149
39
--------------------
150
929
--------------------
151
4650
--------------------
152
4296
--------------------
153
3349
--------------------
154
--------------------
155
2079
--------------------
156
1633
--------------------
157
--------------------
158
4317
--------------------
159
1377
--------------------
160
--------------------
161
3103
--------------------
162
138
--------------------
163
2489
--------------------
164
20
--------------------
165
1661
--------------------
166
4440
--------------------
167
--------------------
168
3765
--------------------
169
--------------------
170
1465
--------------------
171
2438
--------------------
172
4616
--------------------
173
1238
--------------------
174
--------------------
175
--------------------
176
--------------------
177
--------------------
178
1920
--------------------
179
3543
--------------------
180
3577
--------------------
181
2799
--------------------
182
3143
--------------------
183
3348
--------------------
184
4742
--------------------
185
--------------------
186
3318
--------------------
187
4719
--------------------
188
4995
--------------------
189
3712
--------------------
190
76
--------------------
191
2504
--------------------
192
3480
--------------------
193
--------------------
194
3360
--------------------
195
1625
--------------------
196
--------------------
197
2012
--------------------
198
118
--------------------
199
1494
--------------------
200
62
--------------------
201
1218
--------------------
202
4289
--------------------
203
1045
--------------------
204
4350
--------------------
205
4910
--------------------
206
63
--------------------
207
233
--------------------
208
614
--------------------
209
2792
--------------------
210
3802
--------------------
211
1524
--------------------
212
--------------------
213
1088
--------------------
214
1393
--------------------
215
79
--------------------
216
3136
--------------------
217
4021
--------------------
218
--------------------
219
2543
--------------------
220
4719
--------------------
221
3829
--------------------
222
2500
--------------------
223
461
--------------------
224
78
--------------------
225
4098
--------------------
226
--------------------
227
--------------------
228
4871
--------------------
229
3553
--------------------
230
4360
--------------------
231
4415
--------------------
232
--------------------
233
4465
--------------------
234
1995
--------------------
235
778
--------------------
236
3101
--------------------
237
4106
--------------------
238
3716
--------------------
239
2882
--------------------
240
3429
--------------------
241
--------------------
242
1607
--------------------
243
1572
--------------------
244
3536
--------------------
245
2851
--------------------
246
2852
--------------------
247
--------------------
248
4968
--------------------
249
--------------------
250
--------------------
251
3337
--------------------
252
--------------------
253
1153
--------------------
254
1066
--------------------
255
328
--------------------
256
--------------------
257
--------------------
258
36
--------------------
259
690
--------------------
260
4843
--------------------
261
3382
--------------------
262
4540
--------------------
263
1227
--------------------
264
--------------------
265
--------------------
266
625
--------------------
267
2987
--------------------
268
2959
--------------------
269
73
--------------------
270
--------------------
271
--------------------
272
--------------------
273
--------------------
274
2259
--------------------
275
3557
--------------------
276
3035
--------------------
277
252
--------------------
278
1352
--------------------
279
--------------------
280
1812
--------------------
281
2997
--------------------
282
28
--------------------
283
3250
--------------------
284
144
--------------------
285
616
--------------------
286
--------------------
287
2993
--------------------
288
4132
--------------------
289
2420
--------------------
290
1344
--------------------
291
3992
--------------------
292
1152
--------------------
293
2360
--------------------
294
--------------------
295
3847
--------------------
296
452
--------------------
297
--------------------
298
1244
--------------------
299
--------------------
300
--------------------
301
--------------------
302
1330
--------------------
303
499
--------------------
304
2517
--------------------
305
3867
--------------------
306
3359
--------------------
307
--------------------
308
4878
--------------------
309
631
--------------------
310
3579
--------------------
311
--------------------
312
--------------------
313
1692
--------------------
314
2803
--------------------
315
4224
--------------------
316
--------------------
317
470
--------------------
318
542
--------------------
319
4883
--------------------
320
--------------------
321
1665
--------------------
322
--------------------
323
--------------------
324
2350
--------------------
325
2063
--------------------
326
4813
--------------------
327
1729
--------------------
328
2030
--------------------
329
4927
--------------------
330
--------------------
331
76
--------------------
332
2035
--------------------
333
1997
--------------------
334
4901
--------------------
335
4703
--------------------
336
3412
--------------------
337
2474
--------------------
338
4971
--------------------
339
3083
--------------------
340
--------------------
341
3957
--------------------
342
--------------------
343
2974
--------------------
344
2573
--------------------
345
--------------------
346
2627
--------------------
347
1062
--------------------
348
2212
--------------------
349
--------------------
350
4444
--------------------
351
3480
--------------------
352
--------------------
353
21
--------------------
354
--------------------
355
--------------------
356
37
--------------------
357
--------------------
358
2528
--------------------
359
172
--------------------
360
920
--------------------
361
1442
--------------------
362
1016
--------------------
363
4204
--------------------
364
2378
--------------------
365
2424
--------------------
366
1376
--------------------
367
2445
--------------------
368
3514
--------------------
369
1278
--------------------
370
--------------------
371
3280
--------------------
372
3122
--------------------
373
75
--------------------
374
2501
--------------------
375
4750
--------------------
376
3401
--------------------
377
2514
--------------------
378
4272
--------------------
379
3367
--------------------
380
--------------------
381
--------------------
382
119
--------------------
383
3430
--------------------
384
4022
--------------------
385
1124
--------------------
386
4490
--------------------
387
2829
--------------------
388
1535
--------------------
389
--------------------
390
1590
--------------------
391
4024
--------------------
392
4281
--------------------
393
385
--------------------
394
--------------------
395
1286
--------------------
396
138
--------------------
397
--------------------
398
4891
--------------------
399
2492.91
300
{0: [0, 3021], 1: [1, 4999], 2: [0, 627], 3: [0, 2639], 4: [0, 2702], 5: [2, 4999], 6: [0, 1740], 7: [0, 2005], 8: [2, 4999], 9: [1, 4999], 10: [0, 3076], 11: [0, 3738], 12: [0, 3715], 13: [0, 1995], 14: [0, 1734], 15: [0, 2302], 16: [0, 1775], 17: [0, 4720], 18: [0, 2793], 19: [0, 1033], 20: [0, 2822], 21: [2, 4999], 22: [0, 3767], 23: [0, 4090], 24: [0, 2488], 25: [0, 1980], 26: [2, 4999], 27: [2, 4999], 28: [0, 4394], 29: [0, 1928], 30: [1, 4999], 31: [2, 4999], 32: [0, 122], 33: [0, 1023], 34: [0, 3950], 35: [0, 3353], 36: [0, 1030], 37: [0, 4215], 38: [0, 3843], 39: [0, 3425], 40: [0, 4725], 41: [0, 718], 42: [2, 4999], 43: [1, 4999], 44: [0, 4680], 45: [0, 3564], 46: [0, 329], 47: [0, 2867], 48: [0, 3310], 49: [0, 442], 50: [0, 1301], 51: [1, 4999], 52: [2, 4999], 53: [1, 4999], 54: [0, 2647], 55: [0, 60], 56: [0, 2627], 57: [0, 917], 58: [0, 2737], 59: [0, 2360], 60: [2, 4999], 61: [0, 3456], 62: [0, 825], 63: [1, 4999], 64: [2, 4999], 65: [1, 4999], 66: [0, 50], 67: [0, 18], 68: [2, 4999], 69: [0, 2], 70: [2, 4999], 71: [0, 1898], 72: [0, 1899], 73: [0, 3057], 74: [0, 2423], 75: [0, 1684], 76: [0, 3788], 77: [0, 1638], 78: [0, 4972], 79: [1, 4999], 80: [0, 2823], 81: [0, 1992], 82: [2, 4999], 83: [0, 3654], 84: [2, 4999], 85: [0, 4255], 86: [1, 4999], 87: [0, 2004], 88: [0, 3678], 89: [0, 36], 90: [0, 3732], 91: [0, 47], 92: [0, 1870], 93: [0, 3873], 94: [0, 2601], 95: [0, 2430], 96: [0, 3172], 97: [0, 4089], 98: [0, 2810], 99: [2, 4999], 100: [2, 4999], 101: [0, 2219], 102: [0, 3388], 103: [0, 2783], 104: [0, 2846], 105: [0, 3265], 106: [2, 4999], 107: [2, 4999], 108: [0, 4680], 109: [0, 2716], 110: [0, 1899], 111: [0, 2270], 112: [0, 4059], 113: [0, 3727], 114: [1, 4999], 115: [0, 3844], 116: [0, 4067], 117: [0, 2425], 118: [0, 3335], 119: [2, 4999], 120: [0, 2274], 121: [0, 49], 122: [0, 1363], 123: [0, 48], 124: [0, 3658], 125: [1, 4999], 126: [0, 1645], 127: [0, 222], 128: [2, 4999], 129: [0, 3625], 130: [0, 2829], 131: [0, 3943], 132: [1, 4999], 133: [0, 3578], 134: [2, 4999], 135: [0, 2491], 136: [0, 1707], 137: [0, 598], 138: [1, 4999], 139: [2, 4999], 140: [0, 82], 141: [0, 2360], 142: [0, 1944], 143: [0, 3856], 144: [2, 4999], 145: [0, 4045], 146: [2, 4999], 147: [2, 4999], 148: [2, 4999], 149: [0, 39], 150: [0, 929], 151: [0, 4650], 152: [0, 4296], 153: [0, 3349], 154: [1, 4999], 155: [0, 2079], 156: [0, 1633], 157: [1, 4999], 158: [0, 4317], 159: [0, 1377], 160: [2, 4999], 161: [0, 3103], 162: [0, 138], 163: [0, 2489], 164: [0, 20], 165: [0, 1661], 166: [0, 4440], 167: [1, 4999], 168: [0, 3765], 169: [2, 4999], 170: [0, 1465], 171: [0, 2438], 172: [0, 4616], 173: [0, 1238], 174: [2, 4999], 175: [1, 4999], 176: [2, 4999], 177: [1, 4999], 178: [0, 1920], 179: [0, 3543], 180: [0, 3577], 181: [0, 2799], 182: [0, 3143], 183: [0, 3348], 184: [0, 4742], 185: [2, 4999], 186: [0, 3318], 187: [0, 4719], 188: [0, 4995], 189: [0, 3712], 190: [0, 76], 191: [0, 2504], 192: [0, 3480], 193: [1, 4999], 194: [0, 3360], 195: [0, 1625], 196: [1, 4999], 197: [0, 2012], 198: [0, 118], 199: [0, 1494], 200: [0, 62], 201: [0, 1218], 202: [0, 4289], 203: [0, 1045], 204: [0, 4350], 205: [0, 4910], 206: [0, 63], 207: [0, 233], 208: [0, 614], 209: [0, 2792], 210: [0, 3802], 211: [0, 1524], 212: [2, 4999], 213: [0, 1088], 214: [0, 1393], 215: [0, 79], 216: [0, 3136], 217: [0, 4021], 218: [2, 4999], 219: [0, 2543], 220: [0, 4719], 221: [0, 3829], 222: [0, 2500], 223: [0, 461], 224: [0, 78], 225: [0, 4098], 226: [2, 4999], 227: [2, 4999], 228: [0, 4871], 229: [0, 3553], 230: [0, 4360], 231: [0, 4415], 232: [2, 4999], 233: [0, 4465], 234: [0, 1995], 235: [0, 778], 236: [0, 3101], 237: [0, 4106], 238: [0, 3716], 239: [0, 2882], 240: [0, 3429], 241: [1, 4999], 242: [0, 1607], 243: [0, 1572], 244: [0, 3536], 245: [0, 2851], 246: [0, 2852], 247: [2, 4999], 248: [0, 4968], 249: [1, 4999], 250: [2, 4999], 251: [0, 3337], 252: [2, 4999], 253: [0, 1153], 254: [0, 1066], 255: [0, 328], 256: [2, 4999], 257: [1, 4999], 258: [0, 36], 259: [0, 690], 260: [0, 4843], 261: [0, 3382], 262: [0, 4540], 263: [0, 1227], 264: [1, 4999], 265: [1, 4999], 266: [0, 625], 267: [0, 2987], 268: [0, 2959], 269: [0, 73], 270: [1, 4999], 271: [2, 4999], 272: [2, 4999], 273: [1, 4999], 274: [0, 2259], 275: [0, 3557], 276: [0, 3035], 277: [0, 252], 278: [0, 1352], 279: [2, 4999], 280: [0, 1812], 281: [0, 2997], 282: [0, 28], 283: [0, 3250], 284: [0, 144], 285: [0, 616], 286: [1, 4999], 287: [0, 2993], 288: [0, 4132], 289: [0, 2420], 290: [0, 1344], 291: [0, 3992], 292: [0, 1152], 293: [0, 2360], 294: [2, 4999], 295: [0, 3847], 296: [0, 452], 297: [2, 4999], 298: [0, 1244], 299: [1, 4999], 300: [1, 4999], 301: [1, 4999], 302: [0, 1330], 303: [0, 499], 304: [0, 2517], 305: [0, 3867], 306: [0, 3359], 307: [2, 4999], 308: [0, 4878], 309: [0, 631], 310: [0, 3579], 311: [1, 4999], 312: [2, 4999], 313: [0, 1692], 314: [0, 2803], 315: [0, 4224], 316: [2, 4999], 317: [0, 470], 318: [0, 542], 319: [0, 4883], 320: [2, 4999], 321: [0, 1665], 322: [1, 4999], 323: [2, 4999], 324: [0, 2350], 325: [0, 2063], 326: [0, 4813], 327: [0, 1729], 328: [0, 2030], 329: [0, 4927], 330: [2, 4999], 331: [0, 76], 332: [0, 2035], 333: [0, 1997], 334: [0, 4901], 335: [0, 4703], 336: [0, 3412], 337: [0, 2474], 338: [0, 4971], 339: [0, 3083], 340: [1, 4999], 341: [0, 3957], 342: [2, 4999], 343: [0, 2974], 344: [0, 2573], 345: [2, 4999], 346: [0, 2627], 347: [0, 1062], 348: [0, 2212], 349: [2, 4999], 350: [0, 4444], 351: [0, 3480], 352: [1, 4999], 353: [0, 21], 354: [1, 4999], 355: [1, 4999], 356: [0, 37], 357: [2, 4999], 358: [0, 2528], 359: [0, 172], 360: [0, 920], 361: [0, 1442], 362: [0, 1016], 363: [0, 4204], 364: [0, 2378], 365: [0, 2424], 366: [0, 1376], 367: [0, 2445], 368: [0, 3514], 369: [0, 1278], 370: [1, 4999], 371: [0, 3280], 372: [0, 3122], 373: [0, 75], 374: [0, 2501], 375: [0, 4750], 376: [0, 3401], 377: [0, 2514], 378: [0, 4272], 379: [0, 3367], 380: [2, 4999], 381: [1, 4999], 382: [0, 119], 383: [0, 3430], 384: [0, 4022], 385: [0, 1124], 386: [0, 4490], 387: [0, 2829], 388: [0, 1535], 389: [2, 4999], 390: [0, 1590], 391: [0, 4024], 392: [0, 4281], 393: [0, 385], 394: [2, 4999], 395: [0, 1286], 396: [0, 138], 397: [2, 4999], 398: [0, 4891], 399: [1, 4999]}
