[1, 2, 10, 36, 27, 7, 0]
--------------------
0
854
--------------------
1
3426
--------------------
2
1700
--------------------
3
4856
--------------------
4
--------------------
5
3093
--------------------
6
1926
--------------------
7
167
--------------------
8
1682
--------------------
9
--------------------
10
1446
--------------------
11
1717
--------------------
12
2094
--------------------
13
1518
--------------------
14
3723
--------------------
15
2925
--------------------
16
3055
--------------------
17
2253
--------------------
18
2891
--------------------
19
842
--------------------
20
--------------------
21
2913
--------------------
22
--------------------
23
4833
--------------------
24
--------------------
25
127
--------------------
26
2845
--------------------
27
3568
--------------------
28
1580
--------------------
29
1423
--------------------
30
--------------------
31
--------------------
32
44
--------------------
33
2523
--------------------
34
4084
--------------------
35
2131
--------------------
36
437
--------------------
37
1614
--------------------
38
--------------------
39
3641
--------------------
40
3830
--------------------
41
1998
--------------------
42
1640
--------------------
43
2026
--------------------
44
--------------------
45
1695
--------------------
46
142
--------------------
47
4981
--------------------
48
2504
--------------------
49
1863
--------------------
50
--------------------
51
4070
--------------------
52
4846
--------------------
53
3179
--------------------
54
4739
--------------------
55
427
--------------------
56
3027
--------------------
57
979
--------------------
58
2973
--------------------
59
4875
--------------------
60
1799
--------------------
61
2119
--------------------
62
2364
--------------------
63
4705
--------------------
64
--------------------
65
827
--------------------
66
280
--------------------
67
1651
--------------------
68
4795
--------------------
69
3131
--------------------
70
3859
--------------------
71
2271
--------------------
72
143
--------------------
73
4415
--------------------
74
4866
--------------------
75
3011
--------------------
76
2325
--------------------
77
4838
--------------------
78
--------------------
79
4372
--------------------
80
2993
--------------------
81
920
--------------------
82
4141
--------------------
83
3703
--------------------
84
3919
--------------------
85
2861
--------------------
86
2797
--------------------
87
1301
--------------------
88
2078
--------------------
89
99
--------------------
90
3953
--------------------
91
65
--------------------
92
2723
--------------------
93
3950
--------------------
94
2376
--------------------
95
1077
--------------------
96
2915
--------------------
97
3806
--------------------
98
2163
--------------------
99
1622
--------------------
100
3617
--------------------
101
1761
--------------------
102
4604
--------------------
103
2731
--------------------
104
1538
--------------------
105
2953
--------------------
106
--------------------
107
1275
--------------------
108
2071
--------------------
109
1795
--------------------
110
1537
--------------------
111
3957
--------------------
112
2543
--------------------
113
--------------------
114
--------------------
115
--------------------
116
--------------------
117
--------------------
118
4333
--------------------
119
--------------------
120
4458
--------------------
121
57
--------------------
122
1221
--------------------
123
29
--------------------
124
--------------------
125
--------------------
126
1514
--------------------
127
13
--------------------
128
--------------------
129
1968
--------------------
130
2441
--------------------
131
4997
--------------------
132
--------------------
133
3115
--------------------
134
1241
--------------------
135
2452
--------------------
136
1660
--------------------
137
135
--------------------
138
2717
--------------------
139
--------------------
140
116
--------------------
141
1018
--------------------
142
4203
--------------------
143
3971
--------------------
144
4828
--------------------
145
2779
--------------------
146
2497
--------------------
147
1283
--------------------
148
2342
--------------------
149
215
--------------------
150
87
--------------------
151
4382
--------------------
152
4620
--------------------
153
4472
--------------------
154
2986
--------------------
155
3239
--------------------
156
1677
--------------------
157
--------------------
158
3864
--------------------
159
1865
--------------------
160
1699
--------------------
161
474
--------------------
162
19
--------------------
163
2111
--------------------
164
129
--------------------
165
1131
--------------------
166
--------------------
167
2645
--------------------
168
3814
--------------------
169
3722
--------------------
170
2177
--------------------
171
1931
--------------------
172
1585
--------------------
173
1378
--------------------
174
832
--------------------
175
3910
--------------------
176
3895
--------------------
177
4809
--------------------
178
4202
--------------------
179
--------------------
180
3502
--------------------
181
1415
--------------------
182
--------------------
183
4287
--------------------
184
1990
--------------------
185
3517
--------------------
186
547
--------------------
187
2362
--------------------
188
--------------------
189
2596
--------------------
190
6
--------------------
191
4276
--------------------
192
2164
--------------------
193
886
--------------------
194
2277
--------------------
195
1601
--------------------
196
1386
--------------------
197
3818
--------------------
198
21
--------------------
199
1516
--------------------
200
226
--------------------
201
17
--------------------
202
3195
--------------------
203
434
--------------------
204
4690
--------------------
205
1273
--------------------
206
332
--------------------
207
566
--------------------
208
4705
--------------------
209
2190
--------------------
210
4319
--------------------
211
1321
--------------------
212
1906
--------------------
213
3389
--------------------
214
666
--------------------
215
265
--------------------
216
4911
--------------------
217
--------------------
218
--------------------
219
2155
--------------------
220
1782
--------------------
221
4269
--------------------
222
--------------------
223
537
--------------------
224
78
--------------------
225
--------------------
226
4483
--------------------
227
--------------------
228
--------------------
229
2685
--------------------
230
2023
--------------------
231
3281
--------------------
232
--------------------
233
2384
--------------------
234
4375
--------------------
235
3329
--------------------
236
--------------------
237
1925
--------------------
238
2805
--------------------
239
--------------------
240
2597
--------------------
241
2342
--------------------
242
1699
--------------------
243
2380
--------------------
244
2027
--------------------
245
2211
--------------------
246
329
--------------------
247
3328
--------------------
248
2749
--------------------
249
2133
--------------------
250
--------------------
251
4497
--------------------
252
--------------------
253
1581
--------------------
254
639
--------------------
255
76
--------------------
256
1816
--------------------
257
4562
--------------------
258
308
--------------------
259
938
--------------------
260
--------------------
261
4409
--------------------
262
--------------------
263
2526
--------------------
264
--------------------
265
2198
--------------------
266
1195
--------------------
267
2728
--------------------
268
1909
--------------------
269
775
--------------------
270
3138
--------------------
271
4974
--------------------
272
3453
--------------------
273
2630
--------------------
274
--------------------
275
1914
--------------------
276
1212
--------------------
277
435
--------------------
278
3984
--------------------
279
--------------------
280
--------------------
281
1585
--------------------
282
102
--------------------
283
1855
--------------------
284
1967
--------------------
285
1322
--------------------
286
--------------------
287
2241
--------------------
288
2553
--------------------
289
3162
--------------------
290
3905
--------------------
291
2408
--------------------
292
2097
--------------------
293
--------------------
294
1841
--------------------
295
--------------------
296
804
--------------------
297
861
--------------------
298
2649
--------------------
299
2312
--------------------
300
2872
--------------------
301
4866
--------------------
302
2552
--------------------
303
88
--------------------
304
2075
--------------------
305
--------------------
306
4604
--------------------
307
3265
--------------------
308
2081
--------------------
309
119
--------------------
310
689
--------------------
311
2712
--------------------
312
3570
--------------------
313
1422
--------------------
314
1830
--------------------
315
3490
--------------------
316
2653
--------------------
317
--------------------
318
904
--------------------
319
1058
--------------------
320
--------------------
321
1163
--------------------
322
2077
--------------------
323
3584
--------------------
324
664
--------------------
325
1623
--------------------
326
4574
--------------------
327
975
--------------------
328
3050
--------------------
329
4022
--------------------
330
--------------------
331
595
--------------------
332
--------------------
333
1618
--------------------
334
3842
--------------------
335
--------------------
336
4551
--------------------
337
3542
--------------------
338
1736
--------------------
339
3313
--------------------
340
2234
--------------------
341
2550
--------------------
342
--------------------
343
4169
--------------------
344
235
--------------------
345
--------------------
346
511
--------------------
347
2672
--------------------
348
4008
--------------------
349
2692
--------------------
350
1113
--------------------
351
773
--------------------
352
--------------------
353
291
--------------------
354
--------------------
355
4426
--------------------
356
400
--------------------
357
2407
--------------------
358
2305
--------------------
359
76
--------------------
360
2102
--------------------
361
2551
--------------------
362
2711
--------------------
363
1752
--------------------
364
840
--------------------
365
--------------------
366
934
--------------------
367
140
--------------------
368
4613
--------------------
369
1513
--------------------
370
2414
--------------------
371
2939
--------------------
372
2338
--------------------
373
3160
--------------------
374
153
--------------------
375
3014
--------------------
376
--------------------
377
3848
--------------------
378
2119
--------------------
379
3776
--------------------
380
--------------------
381
3676
--------------------
382
375
--------------------
383
993
--------------------
384
1503
--------------------
385
186
--------------------
386
2052
--------------------
387
3295
--------------------
388
1889
--------------------
389
4324
--------------------
390
2626
--------------------
391
4007
--------------------
392
3763
--------------------
393
2740
--------------------
394
2629
--------------------
395
4203
--------------------
396
705
--------------------
397
--------------------
398
2769
--------------------
399
3837
2343.522255192878
337
{0: [0, 1], 1: [0, 2], 2: [0, 3], 3: [0, 4], 4: [1, 4], 5: [0, 5], 6: [0, 6], 7: [0, 7], 8: [0, 8], 9: [2, 8], 10: [0, 9], 11: [0, 10], 12: [0, 11], 13: [0, 12], 14: [0, 13], 15: [0, 14], 16: [0, 15], 17: [0, 16], 18: [0, 17], 19: [0, 18], 20: [1, 18], 21: [0, 19], 22: [2, 19], 23: [0, 20], 24: [1, 20], 25: [0, 21], 26: [0, 22], 27: [0, 23], 28: [0, 24], 29: [0, 25], 30: [1, 25], 31: [2, 25], 32: [0, 26], 33: [0, 27], 34: [0, 28], 35: [0, 29], 36: [0, 30], 37: [0, 31], 38: [2, 31], 39: [0, 32], 40: [0, 33], 41: [0, 34], 42: [0, 35], 43: [0, 36], 44: [1, 36], 45: [0, 37], 46: [0, 38], 47: [0, 39], 48: [0, 40], 49: [0, 41], 50: [2, 41], 51: [0, 42], 52: [0, 43], 53: [0, 44], 54: [0, 45], 55: [0, 46], 56: [0, 47], 57: [0, 48], 58: [0, 49], 59: [0, 50], 60: [0, 51], 61: [0, 52], 62: [0, 53], 63: [0, 54], 64: [2, 54], 65: [0, 55], 66: [0, 56], 67: [0, 57], 68: [0, 58], 69: [0, 59], 70: [0, 60], 71: [0, 61], 72: [0, 62], 73: [0, 63], 74: [0, 64], 75: [0, 65], 76: [0, 66], 77: [0, 67], 78: [1, 67], 79: [0, 68], 80: [0, 69], 81: [0, 70], 82: [0, 71], 83: [0, 72], 84: [0, 73], 85: [0, 74], 86: [0, 75], 87: [0, 76], 88: [0, 77], 89: [0, 78], 90: [0, 79], 91: [0, 80], 92: [0, 81], 93: [0, 82], 94: [0, 83], 95: [0, 84], 96: [0, 85], 97: [0, 86], 98: [0, 87], 99: [0, 88], 100: [0, 89], 101: [0, 90], 102: [0, 91], 103: [0, 92], 104: [0, 93], 105: [0, 94], 106: [1, 94], 107: [0, 95], 108: [0, 96], 109: [0, 97], 110: [0, 98], 111: [0, 99], 112: [0, 100], 113: [1, 100], 114: [2, 100], 115: [2, 100], 116: [2, 100], 117: [1, 100], 118: [0, 101], 119: [2, 101], 120: [0, 102], 121: [0, 103], 122: [0, 104], 123: [0, 105], 124: [2, 105], 125: [2, 105], 126: [0, 106], 127: [0, 107], 128: [2, 107], 129: [0, 108], 130: [0, 109], 131: [0, 110], 132: [2, 110], 133: [0, 111], 134: [0, 112], 135: [0, 113], 136: [0, 114], 137: [0, 115], 138: [0, 116], 139: [1, 116], 140: [0, 117], 141: [0, 118], 142: [0, 119], 143: [0, 120], 144: [0, 121], 145: [0, 122], 146: [0, 123], 147: [0, 124], 148: [0, 125], 149: [0, 126], 150: [0, 127], 151: [0, 128], 152: [0, 129], 153: [0, 130], 154: [0, 131], 155: [0, 132], 156: [0, 133], 157: [2, 133], 158: [0, 134], 159: [0, 135], 160: [0, 136], 161: [0, 137], 162: [0, 138], 163: [0, 139], 164: [0, 140], 165: [0, 141], 166: [1, 141], 167: [0, 142], 168: [0, 143], 169: [0, 144], 170: [0, 145], 171: [0, 146], 172: [0, 147], 173: [0, 148], 174: [0, 149], 175: [0, 150], 176: [0, 151], 177: [0, 152], 178: [0, 153], 179: [1, 153], 180: [0, 154], 181: [0, 155], 182: [1, 155], 183: [0, 156], 184: [0, 157], 185: [0, 158], 186: [0, 159], 187: [0, 160], 188: [1, 160], 189: [0, 161], 190: [0, 162], 191: [0, 163], 192: [0, 164], 193: [0, 165], 194: [0, 166], 195: [0, 167], 196: [0, 168], 197: [0, 169], 198: [0, 170], 199: [0, 171], 200: [0, 172], 201: [0, 173], 202: [0, 174], 203: [0, 175], 204: [0, 176], 205: [0, 177], 206: [0, 178], 207: [0, 179], 208: [0, 180], 209: [0, 181], 210: [0, 182], 211: [0, 183], 212: [0, 184], 213: [0, 185], 214: [0, 186], 215: [0, 187], 216: [0, 188], 217: [1, 188], 218: [1, 188], 219: [0, 189], 220: [0, 190], 221: [0, 191], 222: [1, 191], 223: [0, 192], 224: [0, 193], 225: [1, 193], 226: [0, 194], 227: [1, 194], 228: [2, 194], 229: [0, 195], 230: [0, 196], 231: [0, 197], 232: [2, 197], 233: [0, 198], 234: [0, 199], 235: [0, 200], 236: [1, 200], 237: [0, 201], 238: [0, 202], 239: [1, 202], 240: [0, 203], 241: [0, 204], 242: [0, 205], 243: [0, 206], 244: [0, 207], 245: [0, 208], 246: [0, 209], 247: [0, 210], 248: [0, 211], 249: [0, 212], 250: [2, 212], 251: [0, 213], 252: [1, 213], 253: [0, 214], 254: [0, 215], 255: [0, 216], 256: [0, 217], 257: [0, 218], 258: [0, 219], 259: [0, 220], 260: [1, 220], 261: [0, 221], 262: [1, 221], 263: [0, 222], 264: [2, 222], 265: [0, 223], 266: [0, 224], 267: [0, 225], 268: [0, 226], 269: [0, 227], 270: [0, 228], 271: [0, 229], 272: [0, 230], 273: [0, 231], 274: [2, 231], 275: [0, 232], 276: [0, 233], 277: [0, 234], 278: [0, 235], 279: [2, 235], 280: [1, 235], 281: [0, 236], 282: [0, 237], 283: [0, 238], 284: [0, 239], 285: [0, 240], 286: [2, 240], 287: [0, 241], 288: [0, 242], 289: [0, 243], 290: [0, 244], 291: [0, 245], 292: [0, 246], 293: [1, 246], 294: [0, 247], 295: [1, 247], 296: [0, 248], 297: [0, 249], 298: [0, 250], 299: [0, 251], 300: [0, 252], 301: [0, 253], 302: [0, 254], 303: [0, 255], 304: [0, 256], 305: [1, 256], 306: [0, 257], 307: [0, 258], 308: [0, 259], 309: [0, 260], 310: [0, 261], 311: [0, 262], 312: [0, 263], 313: [0, 264], 314: [0, 265], 315: [0, 266], 316: [0, 267], 317: [1, 267], 318: [0, 268], 319: [0, 269], 320: [1, 269], 321: [0, 270], 322: [0, 271], 323: [0, 272], 324: [0, 273], 325: [0, 274], 326: [0, 275], 327: [0, 276], 328: [0, 277], 329: [0, 278], 330: [1, 278], 331: [0, 279], 332: [2, 279], 333: [0, 280], 334: [0, 281], 335: [2, 281], 336: [0, 282], 337: [0, 283], 338: [0, 284], 339: [0, 285], 340: [0, 286], 341: [0, 287], 342: [1, 287], 343: [0, 288], 344: [0, 289], 345: [1, 289], 346: [0, 290], 347: [0, 291], 348: [0, 292], 349: [0, 293], 350: [0, 294], 351: [0, 295], 352: [2, 295], 353: [0, 296], 354: [1, 296], 355: [0, 297], 356: [0, 298], 357: [0, 299], 358: [0, 300], 359: [0, 301], 360: [0, 302], 361: [0, 303], 362: [0, 304], 363: [0, 305], 364: [0, 306], 365: [1, 306], 366: [0, 307], 367: [0, 308], 368: [0, 309], 369: [0, 310], 370: [0, 311], 371: [0, 312], 372: [0, 313], 373: [0, 314], 374: [0, 315], 375: [0, 316], 376: [2, 316], 377: [0, 317], 378: [0, 318], 379: [0, 319], 380: [1, 319], 381: [0, 320], 382: [0, 321], 383: [0, 322], 384: [0, 323], 385: [0, 324], 386: [0, 325], 387: [0, 326], 388: [0, 327], 389: [0, 328], 390: [0, 329], 391: [0, 330], 392: [0, 331], 393: [0, 332], 394: [0, 333], 395: [0, 334], 396: [0, 335], 397: [2, 335], 398: [0, 336], 399: [0, 337]}
