[1, 2, 10, 36, 27, 7, 0]
[1, 2, 10, 36, 27, 7, 0]
--------------------
0
3296
--------------------
1
3136
--------------------
2
1036
--------------------
3
2260
--------------------
4
2281
--------------------
5
3273
--------------------
6
2366
--------------------
7
3762
--------------------
8
3151
--------------------
9
2120
--------------------
10
840
--------------------
11
3566
--------------------
12
2962
--------------------
13
3621
--------------------
14
4319
--------------------
15
2606
--------------------
16
2675
--------------------
17
3762
--------------------
18
1980
--------------------
19
1026
--------------------
20
3838
--------------------
21
3844
--------------------
22
2393
--------------------
23
--------------------
24
1875
--------------------
25
524
--------------------
26
1385
--------------------
27
2384
--------------------
28
2256
--------------------
29
4052
--------------------
30
2200
--------------------
31
2358
--------------------
32
115
--------------------
33
2152
--------------------
34
2711
--------------------
35
3695
--------------------
36
1932
--------------------
37
1559
--------------------
38
1581
--------------------
39
3280
--------------------
40
4114
--------------------
41
680
--------------------
42
--------------------
43
87
--------------------
44
--------------------
45
3788
--------------------
46
105
--------------------
47
2033
--------------------
48
1887
--------------------
49
1913
--------------------
50
--------------------
51
2034
--------------------
52
--------------------
53
4243
--------------------
54
--------------------
55
44
--------------------
56
930
--------------------
57
466
--------------------
58
2126
--------------------
59
4142
--------------------
60
--------------------
61
3010
--------------------
62
2093
--------------------
63
2411
--------------------
64
--------------------
65
4858
--------------------
66
170
--------------------
67
65
--------------------
68
3967
--------------------
69
495
--------------------
70
3022
--------------------
71
1934
--------------------
72
208
--------------------
73
3907
--------------------
74
2015
--------------------
75
1926
--------------------
76
1925
--------------------
77
2800
--------------------
78
4249
--------------------
79
4376
--------------------
80
3881
--------------------
81
3215
--------------------
82
--------------------
83
4254
--------------------
84
3065
--------------------
85
--------------------
86
3530
--------------------
87
2095
--------------------
88
--------------------
89
298
--------------------
90
4426
--------------------
91
350
--------------------
92
--------------------
93
3007
--------------------
94
1912
--------------------
95
844
--------------------
96
1718
--------------------
97
2613
--------------------
98
4505
--------------------
99
2236
--------------------
100
--------------------
101
2074
--------------------
102
3335
--------------------
103
2851
--------------------
104
2959
--------------------
105
1182
--------------------
106
--------------------
107
--------------------
108
3520
--------------------
109
2797
--------------------
110
4542
--------------------
111
--------------------
112
3766
--------------------
113
3901
--------------------
114
--------------------
115
3773
--------------------
116
--------------------
117
2628
--------------------
118
--------------------
119
2543
--------------------
120
938
--------------------
121
964
--------------------
122
2211
--------------------
123
1986
--------------------
124
3146
--------------------
125
3100
--------------------
126
3128
--------------------
127
1693
--------------------
128
1519
--------------------
129
3425
--------------------
130
3010
--------------------
131
2989
--------------------
132
2849
--------------------
133
--------------------
134
2184
--------------------
135
2900
--------------------
136
1696
--------------------
137
11
--------------------
138
3053
--------------------
139
--------------------
140
653
--------------------
141
1292
--------------------
142
1307
--------------------
143
3706
--------------------
144
2568
--------------------
145
4736
--------------------
146
--------------------
147
--------------------
148
--------------------
149
742
--------------------
150
45
--------------------
151
1280
--------------------
152
1798
--------------------
153
1857
--------------------
154
--------------------
155
1543
--------------------
156
--------------------
157
1379
--------------------
158
2822
--------------------
159
1897
--------------------
160
2883
--------------------
161
1580
--------------------
162
70
--------------------
163
--------------------
164
63
--------------------
165
50
--------------------
166
--------------------
167
3555
--------------------
168
1183
--------------------
169
1475
--------------------
170
3724
--------------------
171
1012
--------------------
172
--------------------
173
1473
--------------------
174
2663
--------------------
175
2007
--------------------
176
--------------------
177
4232
--------------------
178
3970
--------------------
179
4909
--------------------
180
--------------------
181
2510
--------------------
182
2906
--------------------
183
--------------------
184
4413
--------------------
185
--------------------
186
2447
--------------------
187
1002
--------------------
188
--------------------
189
4178
--------------------
190
360
--------------------
191
1151
--------------------
192
2104
--------------------
193
2226
--------------------
194
4296
--------------------
195
2181
--------------------
196
1291
--------------------
197
611
--------------------
198
90
--------------------
199
150
--------------------
200
2093
--------------------
201
37
--------------------
202
3019
--------------------
203
106
--------------------
204
--------------------
205
2594
--------------------
206
110
--------------------
207
3210
--------------------
208
--------------------
209
2019
--------------------
210
492
--------------------
211
1504
--------------------
212
3739
--------------------
213
--------------------
214
2446
--------------------
215
854
--------------------
216
4403
--------------------
217
2472
--------------------
218
2154
--------------------
219
--------------------
220
4156
--------------------
221
--------------------
222
3342
--------------------
223
2675
--------------------
224
1054
--------------------
225
3922
--------------------
226
4752
--------------------
227
1204
--------------------
228
--------------------
229
2381
--------------------
230
4537
--------------------
231
3471
--------------------
232
4642
--------------------
233
2926
--------------------
234
4664
--------------------
235
1417
--------------------
236
2014
--------------------
237
4844
--------------------
238
--------------------
239
3769
--------------------
240
--------------------
241
1772
--------------------
242
342
--------------------
243
1260
--------------------
244
1647
--------------------
245
4013
--------------------
246
1512
--------------------
247
--------------------
248
2254
--------------------
249
3481
--------------------
250
3207
--------------------
251
2909
--------------------
252
3520
--------------------
253
1997
--------------------
254
1005
--------------------
255
1071
--------------------
256
--------------------
257
--------------------
258
98
--------------------
259
596
--------------------
260
--------------------
261
3660
--------------------
262
2373
--------------------
263
--------------------
264
3912
--------------------
265
2083
--------------------
266
736
--------------------
267
2949
--------------------
268
3435
--------------------
269
1503
--------------------
270
1727
--------------------
271
--------------------
272
3757
--------------------
273
3304
--------------------
274
2727
--------------------
275
--------------------
276
4161
--------------------
277
46
--------------------
278
1316
--------------------
279
1690
--------------------
280
4652
--------------------
281
3605
--------------------
282
164
--------------------
283
2792
--------------------
284
25
--------------------