[1, 2, 10, 36, 27, 7, 0]
--------------------
0
2467
--------------------
1
1630
--------------------
2
1728
--------------------
3
1922
--------------------
4
3426
--------------------
5
4013
--------------------
6
748
--------------------
7
471
--------------------
8
4350
--------------------
9
1822
--------------------
10
1960
--------------------
11
--------------------
12
3911
--------------------
13
3535
--------------------
14
2445
--------------------
15
3881
--------------------
16
2711
--------------------
17
1766
--------------------
18
--------------------
19
1285
--------------------
20
--------------------
21
--------------------
22
3214
--------------------
23
1720
--------------------
24
3079
--------------------
25
791
--------------------
26
4710
--------------------
27
3609
--------------------
28
2375
--------------------
29
2957
--------------------
30
3936
--------------------
31
2440
--------------------
32
99
--------------------
33
1511
--------------------
34
853
--------------------
35
1982
--------------------
36
2055
--------------------
37
--------------------
38
1136
--------------------
39
4315
--------------------
40
1905
--------------------
41
1429
--------------------
42
2500
--------------------
43
3673
--------------------
44
--------------------
45
3181
--------------------
46
46
--------------------
47
2429
--------------------
48
2877
--------------------
49
14
--------------------
50
2328
--------------------
51
3256
--------------------
52
--------------------
53
4876
--------------------
54
4471
--------------------
55
932
--------------------
56
664
--------------------
57
2048
--------------------
58
957
--------------------
59
3311
--------------------
60
4145
--------------------
61
2441
--------------------
62
2607
--------------------
63
3795
--------------------
64
1652
--------------------
65
4843
--------------------
66
202
--------------------
67
33
--------------------
68
2323
--------------------
69
200
--------------------
70
--------------------
71
2069
--------------------
72
107
--------------------
73
975
--------------------
74
2873
--------------------
75
3092
--------------------
76
2994
--------------------
77
3694
--------------------
78
3738
--------------------
79
2251
--------------------
80
2463
--------------------
81
977
--------------------
82
1862
--------------------
83
2253
--------------------
84
2998
--------------------
85
3079
--------------------
86
2686
--------------------
87
2423
--------------------
88
4917
--------------------
89
337
--------------------
90
3301
--------------------
91
63
--------------------
92
3983
--------------------
93
--------------------
94
4879
--------------------
95
1370
--------------------
96
2835
--------------------
97
--------------------
98
3338
--------------------
99
2425
--------------------
100
4061
--------------------
101
--------------------
102
685
--------------------
103
3315
--------------------
104
3396
--------------------
105
1269
--------------------
106
--------------------
107
3008
--------------------
108
2319
--------------------
109
2982
--------------------
110
--------------------
111
2386
--------------------
112
1533
--------------------
113
--------------------
114
3546
--------------------
115
3825
--------------------
116
4396
--------------------
117
2342
--------------------
118
4570
--------------------
119
2424
--------------------
120
2008
--------------------
121
337
--------------------
122
--------------------
123
42
--------------------
124
--------------------
125
2340
--------------------
126
1218
--------------------
127
639
--------------------
128
3861
--------------------
129
2058
--------------------
130
1451
--------------------
131
3852
--------------------
132
456
--------------------
133
3328
--------------------
134
4866
--------------------
135
1857
--------------------
136
1972
--------------------
137
20
--------------------
138
3314
--------------------
139
--------------------
140
282
--------------------
141
638
--------------------
142
1095
--------------------
143
3812
--------------------
144
4425
--------------------
145
1566
--------------------
146
4119
--------------------
147
--------------------
148
--------------------
149
40
--------------------
150
1503
--------------------
151
1824
--------------------
152
--------------------
153
2878
--------------------
154
1497
--------------------
155
2528
--------------------
156
528
--------------------
157
3343
--------------------
158
2149
--------------------
159
2869
--------------------
160
2092
--------------------
161
2373
--------------------
162
13
--------------------
163
1103
--------------------
164
19
--------------------
165
187
--------------------
166
1874
--------------------
167
4464
--------------------
168
2159
--------------------
169
2538
--------------------
170
850
--------------------
171
2032
--------------------
172
2033
--------------------
173
1717
--------------------
174
2850
--------------------
175
--------------------
176
2426
--------------------
177
3220
--------------------
178
2938
--------------------
179
4171
--------------------
180
2937
--------------------
181
1778
--------------------
182
--------------------
183
3165
--------------------
184
1994
--------------------
185
3919
--------------------
186
1962
--------------------
187
935
--------------------
188
--------------------
189
--------------------
190
129
--------------------
191
1305
--------------------
192
3901
--------------------
193
2147
--------------------
194
4593
--------------------
195
1806
--------------------
196
921
--------------------
197
1393
--------------------
198
490
--------------------
199
2029
--------------------
200
1021
--------------------
201
82
--------------------
202
2081
--------------------
203
18
--------------------
204
2769
--------------------
205
2746
--------------------
206
20
--------------------
207
519
--------------------
208
2832
--------------------
209
2967
--------------------
210
--------------------
211
2231
--------------------
212
4379
--------------------
213
3362
--------------------
214
2328
--------------------
215
232
--------------------
216
4655
--------------------
217
2754
--------------------
218
2654
--------------------
219
3307
--------------------
220
3106
--------------------
221
4018
--------------------
222
1402
--------------------
223
4660
--------------------
224
143
--------------------
225
2360
--------------------
226
4196
--------------------
227
4143
--------------------
228
2692
--------------------
229
1128
--------------------
230
3000
--------------------
231
2731
--------------------
232
3528
--------------------
233
--------------------
234
2906
--------------------
235
1933
--------------------
236
1691
--------------------
237
4204
--------------------
238
4024
--------------------
239
2986
--------------------
240
--------------------
241
1545
--------------------
242
732
--------------------
243
1231
--------------------
244
1185
--------------------
245
3286
--------------------
246
970
--------------------
247
3220
--------------------
248
2159
--------------------
249
--------------------
250
4141
--------------------
251
--------------------
252
--------------------
253
1135
--------------------
254
1973
--------------------
255
2219
--------------------
256
2096
--------------------
257
2562
--------------------
258
1119
--------------------
259
382
--------------------
260
1873
--------------------
261
--------------------
262
4466
--------------------
263
2415
--------------------
264
2203
--------------------
265
--------------------
266
1037
--------------------
267
3840
--------------------
268
2798
--------------------
269
1690
--------------------
270
2057
--------------------
271
--------------------
272
2055
--------------------
273
2873
--------------------
274
3169
--------------------
275
2330
--------------------
276
2207
--------------------
277
679
--------------------
278
--------------------
279
3343
--------------------
280
2617
--------------------
281
2609
--------------------
282
269
--------------------
283
2917
--------------------
284
3590
--------------------
285
1923
--------------------
286
2586
--------------------
287
1910
--------------------
288
--------------------
289
--------------------
290
1294
--------------------
291
--------------------
292
2768
--------------------
293
--------------------
294
1334
--------------------
295
--------------------
296
18
--------------------
297
2614
--------------------
298
--------------------
299
1518
--------------------
300
--------------------
301
2020
--------------------
302
2582
--------------------
303
1127
--------------------
304
--------------------
305
3030
--------------------
306
2571
--------------------
307
3788
--------------------
308
--------------------
309
2198
--------------------
310
3463
--------------------
311
3763
--------------------
312
3029
--------------------
313
1222
--------------------
314
4544
--------------------
315
3622
--------------------
316
4923
--------------------
317
--------------------
318
3337
--------------------
319
3673
--------------------
320
4193
--------------------
321
3477
--------------------
322
2580
--------------------
323
2311
--------------------
324
2480
--------------------
325
3550
--------------------
326
1566
--------------------
327
745
--------------------
328
4014
--------------------
329
3118
--------------------
330
3664
--------------------
331
614
--------------------
332
1638
--------------------
333
1774
--------------------
334
1492
--------------------
335
--------------------
336
1383
--------------------
337
4988
--------------------
338
1770
--------------------
339
2166
--------------------
340
--------------------
341
1791
--------------------
342
--------------------
343
3168
--------------------
344
1025
--------------------
345
4150
--------------------
346
1948
--------------------
347
1644
--------------------
348
3015
--------------------
349
--------------------
350
3895
--------------------
351
4566
--------------------
352
3602
--------------------
353
655
--------------------
354
2196
--------------------
355
1921
--------------------
356
427
--------------------
357
1853
--------------------
358
2038
--------------------
359
202
--------------------
360
3422
--------------------
361
3338
--------------------
362
4002
--------------------
363
2082
--------------------
364
2772
--------------------
365
4198
--------------------
366
360
--------------------
367
306
--------------------
368
3361
--------------------
369
1460
--------------------
370
1340
--------------------
371
3921
--------------------
372
4807
--------------------
373
1566
--------------------
374
936
--------------------
375
4425
--------------------
376
4925
--------------------
377
1840
--------------------
378
3076
--------------------
379
2797
--------------------
380
4811
--------------------
381
1631
--------------------
382
379
--------------------
383
2317
--------------------
384
4455
--------------------
385
186
--------------------
386
3636
--------------------
387
1414
--------------------
388
1425
--------------------
389
3916
--------------------
390
1563
--------------------
391
3958
--------------------
392
--------------------
393
3988
--------------------
394
3273
--------------------
395
1748
--------------------
396
146
--------------------
397
3942
--------------------
398
3799
--------------------
399
68
2376.2763532763533
351
{0: [0, 2467], 1: [0, 1630], 2: [0, 1728], 3: [0, 1922], 4: [0, 3426], 5: [0, 4013], 6: [0, 748], 7: [0, 471], 8: [0, 4350], 9: [0, 1822], 10: [0, 1960], 11: [2, 4999], 12: [0, 3911], 13: [0, 3535], 14: [0, 2445], 15: [0, 3881], 16: [0, 2711], 17: [0, 1766], 18: [1, 4999], 19: [0, 1285], 20: [1, 4999], 21: [1, 4999], 22: [0, 3214], 23: [0, 1720], 24: [0, 3079], 25: [0, 791], 26: [0, 4710], 27: [0, 3609], 28: [0, 2375], 29: [0, 2957], 30: [0, 3936], 31: [0, 2440], 32: [0, 99], 33: [0, 1511], 34: [0, 853], 35: [0, 1982], 36: [0, 2055], 37: [2, 4999], 38: [0, 1136], 39: [0, 4315], 40: [0, 1905], 41: [0, 1429], 42: [0, 2500], 43: [0, 3673], 44: [2, 4999], 45: [0, 3181], 46: [0, 46], 47: [0, 2429], 48: [0, 2877], 49: [0, 14], 50: [0, 2328], 51: [0, 3256], 52: [2, 4999], 53: [0, 4876], 54: [0, 4471], 55: [0, 932], 56: [0, 664], 57: [0, 2048], 58: [0, 957], 59: [0, 3311], 60: [0, 4145], 61: [0, 2441], 62: [0, 2607], 63: [0, 3795], 64: [0, 1652], 65: [0, 4843], 66: [0, 202], 67: [0, 33], 68: [0, 2323], 69: [0, 200], 70: [1, 4999], 71: [0, 2069], 72: [0, 107], 73: [0, 975], 74: [0, 2873], 75: [0, 3092], 76: [0, 2994], 77: [0, 3694], 78: [0, 3738], 79: [0, 2251], 80: [0, 2463], 81: [0, 977], 82: [0, 1862], 83: [0, 2253], 84: [0, 2998], 85: [0, 3079], 86: [0, 2686], 87: [0, 2423], 88: [0, 4917], 89: [0, 337], 90: [0, 3301], 91: [0, 63], 92: [0, 3983], 93: [2, 4999], 94: [0, 4879], 95: [0, 1370], 96: [0, 2835], 97: [1, 4999], 98: [0, 3338], 99: [0, 2425], 100: [0, 4061], 101: [1, 4999], 102: [0, 685], 103: [0, 3315], 104: [0, 3396], 105: [0, 1269], 106: [1, 4999], 107: [0, 3008], 108: [0, 2319], 109: [0, 2982], 110: [1, 4999], 111: [0, 2386], 112: [0, 1533], 113: [1, 4999], 114: [0, 3546], 115: [0, 3825], 116: [0, 4396], 117: [0, 2342], 118: [0, 4570], 119: [0, 2424], 120: [0, 2008], 121: [0, 337], 122: [1, 4999], 123: [0, 42], 124: [1, 4999], 125: [0, 2340], 126: [0, 1218], 127: [0, 639], 128: [0, 3861], 129: [0, 2058], 130: [0, 1451], 131: [0, 3852], 132: [0, 456], 133: [0, 3328], 134: [0, 4866], 135: [0, 1857], 136: [0, 1972], 137: [0, 20], 138: [0, 3314], 139: [1, 4999], 140: [0, 282], 141: [0, 638], 142: [0, 1095], 143: [0, 3812], 144: [0, 4425], 145: [0, 1566], 146: [0, 4119], 147: [2, 4999], 148: [2, 4999], 149: [0, 40], 150: [0, 1503], 151: [0, 1824], 152: [1, 4999], 153: [0, 2878], 154: [0, 1497], 155: [0, 2528], 156: [0, 528], 157: [0, 3343], 158: [0, 2149], 159: [0, 2869], 160: [0, 2092], 161: [0, 2373], 162: [0, 13], 163: [0, 1103], 164: [0, 19], 165: [0, 187], 166: [0, 1874], 167: [0, 4464], 168: [0, 2159], 169: [0, 2538], 170: [0, 850], 171: [0, 2032], 172: [0, 2033], 173: [0, 1717], 174: [0, 2850], 175: [2, 4999], 176: [0, 2426], 177: [0, 3220], 178: [0, 2938], 179: [0, 4171], 180: [0, 2937], 181: [0, 1778], 182: [2, 4999], 183: [0, 3165], 184: [0, 1994], 185: [0, 3919], 186: [0, 1962], 187: [0, 935], 188: [2, 4999], 189: [1, 4999], 190: [0, 129], 191: [0, 1305], 192: [0, 3901], 193: [0, 2147], 194: [0, 4593], 195: [0, 1806], 196: [0, 921], 197: [0, 1393], 198: [0, 490], 199: [0, 2029], 200: [0, 1021], 201: [0, 82], 202: [0, 2081], 203: [0, 18], 204: [0, 2769], 205: [0, 2746], 206: [0, 20], 207: [0, 519], 208: [0, 2832], 209: [0, 2967], 210: [2, 4999], 211: [0, 2231], 212: [0, 4379], 213: [0, 3362], 214: [0, 2328], 215: [0, 232], 216: [0, 4655], 217: [0, 2754], 218: [0, 2654], 219: [0, 3307], 220: [0, 3106], 221: [0, 4018], 222: [0, 1402], 223: [0, 4660], 224: [0, 143], 225: [0, 2360], 226: [0, 4196], 227: [0, 4143], 228: [0, 2692], 229: [0, 1128], 230: [0, 3000], 231: [0, 2731], 232: [0, 3528], 233: [1, 4999], 234: [0, 2906], 235: [0, 1933], 236: [0, 1691], 237: [0, 4204], 238: [0, 4024], 239: [0, 2986], 240: [1, 4999], 241: [0, 1545], 242: [0, 732], 243: [0, 1231], 244: [0, 1185], 245: [0, 3286], 246: [0, 970], 247: [0, 3220], 248: [0, 2159], 249: [2, 4999], 250: [0, 4141], 251: [1, 4999], 252: [1, 4999], 253: [0, 1135], 254: [0, 1973], 255: [0, 2219], 256: [0, 2096], 257: [0, 2562], 258: [0, 1119], 259: [0, 382], 260: [0, 1873], 261: [2, 4999], 262: [0, 4466], 263: [0, 2415], 264: [0, 2203], 265: [1, 4999], 266: [0, 1037], 267: [0, 3840], 268: [0, 2798], 269: [0, 1690], 270: [0, 2057], 271: [1, 4999], 272: [0, 2055], 273: [0, 2873], 274: [0, 3169], 275: [0, 2330], 276: [0, 2207], 277: [0, 679], 278: [1, 4999], 279: [0, 3343], 280: [0, 2617], 281: [0, 2609], 282: [0, 269], 283: [0, 2917], 284: [0, 3590], 285: [0, 1923], 286: [0, 2586], 287: [0, 1910], 288: [1, 4999], 289: [2, 4999], 290: [0, 1294], 291: [2, 4999], 292: [0, 2768], 293: [2, 4999], 294: [0, 1334], 295: [1, 4999], 296: [0, 18], 297: [0, 2614], 298: [2, 4999], 299: [0, 1518], 300: [1, 4999], 301: [0, 2020], 302: [0, 2582], 303: [0, 1127], 304: [2, 4999], 305: [0, 3030], 306: [0, 2571], 307: [0, 3788], 308: [2, 4999], 309: [0, 2198], 310: [0, 3463], 311: [0, 3763], 312: [0, 3029], 313: [0, 1222], 314: [0, 4544], 315: [0, 3622], 316: [0, 4923], 317: [2, 4999], 318: [0, 3337], 319: [0, 3673], 320: [0, 4193], 321: [0, 3477], 322: [0, 2580], 323: [0, 2311], 324: [0, 2480], 325: [0, 3550], 326: [0, 1566], 327: [0, 745], 328: [0, 4014], 329: [0, 3118], 330: [0, 3664], 331: [0, 614], 332: [0, 1638], 333: [0, 1774], 334: [0, 1492], 335: [2, 4999], 336: [0, 1383], 337: [0, 4988], 338: [0, 1770], 339: [0, 2166], 340: [1, 4999], 341: [0, 1791], 342: [2, 4999], 343: [0, 3168], 344: [0, 1025], 345: [0, 4150], 346: [0, 1948], 347: [0, 1644], 348: [0, 3015], 349: [2, 4999], 350: [0, 3895], 351: [0, 4566], 352: [0, 3602], 353: [0, 655], 354: [0, 2196], 355: [0, 1921], 356: [0, 427], 357: [0, 1853], 358: [0, 2038], 359: [0, 202], 360: [0, 3422], 361: [0, 3338], 362: [0, 4002], 363: [0, 2082], 364: [0, 2772], 365: [0, 4198], 366: [0, 360], 367: [0, 306], 368: [0, 3361], 369: [0, 1460], 370: [0, 1340], 371: [0, 3921], 372: [0, 4807], 373: [0, 1566], 374: [0, 936], 375: [0, 4425], 376: [0, 4925], 377: [0, 1840], 378: [0, 3076], 379: [0, 2797], 380: [0, 4811], 381: [0, 1631], 382: [0, 379], 383: [0, 2317], 384: [0, 4455], 385: [0, 186], 386: [0, 3636], 387: [0, 1414], 388: [0, 1425], 389: [0, 3916], 390: [0, 1563], 391: [0, 3958], 392: [1, 4999], 393: [0, 3988], 394: [0, 3273], 395: [0, 1748], 396: [0, 146], 397: [0, 3942], 398: [0, 3799], 399: [0, 68]}
