[1, 2, 10, 36, 27, 7, 0]
--------------------
0
4956
--------------------
1
--------------------
2
--------------------
3
--------------------
4
--------------------
5
3787
--------------------
6
--------------------
7
3955
--------------------
8
--------------------
9
--------------------
10
--------------------
11
--------------------
12
--------------------
13
--------------------
14
--------------------
15
--------------------
16
4846
--------------------
17
--------------------
18
--------------------
19
--------------------
20
--------------------
21
--------------------
22
--------------------
23
--------------------
24
--------------------
25
1048
--------------------
26
--------------------
27
--------------------
28
--------------------
29
--------------------
30
3800
--------------------
31
--------------------
32
--------------------
33
--------------------
34
4347
--------------------
35
3943
--------------------
36
3770
--------------------
37
4066
--------------------
38
--------------------
39
--------------------
40
--------------------
41
2920
--------------------
42
--------------------
43
--------------------
44
--------------------
45
2164
--------------------
46
--------------------
47
--------------------
48
4009
--------------------
49
--------------------
50
2200
--------------------
51
--------------------
52
--------------------
53
3803
--------------------
54
--------------------
55
--------------------
56
4882
--------------------
57
--------------------
58
3649
--------------------
59
--------------------
60
--------------------
61
--------------------
62
--------------------
63
--------------------
64
--------------------
65
--------------------
66
--------------------
67
--------------------
68
--------------------
69
--------------------
70
--------------------
71
1388
--------------------
72
--------------------
73
--------------------
74
--------------------
75
--------------------
76
4639
--------------------
77
--------------------
78
--------------------
79
--------------------
80
--------------------
81
--------------------
82
--------------------
83
--------------------
84
4591
--------------------
85
2813
--------------------
86
--------------------
87
--------------------
88
--------------------
89
--------------------
90
--------------------
91
--------------------
92
--------------------
93
--------------------
94
--------------------
95
--------------------
96
--------------------
97
--------------------
98
1010
--------------------
99
--------------------
100
3004
--------------------
101
3511
--------------------
102
--------------------
103
--------------------
104
--------------------
105
952
--------------------
106
--------------------
107
--------------------
108
--------------------
109
--------------------
110
--------------------
111
--------------------
112
2652
--------------------
113
--------------------
114
--------------------
115
--------------------
116
--------------------
117
--------------------
118
--------------------
119
--------------------
120
1133
--------------------
121
--------------------
122
4022
--------------------
123
--------------------
124
--------------------
125
--------------------
126
--------------------
127
--------------------
128
--------------------
129
2277
--------------------
130
--------------------
131
--------------------
132
--------------------
133
4321
--------------------
134
--------------------
135
3985
--------------------
136
3209
--------------------
137
--------------------
138
--------------------
139
--------------------
140
--------------------
141
--------------------
142
--------------------
143
--------------------
144
--------------------
145
--------------------
146
--------------------
147
3856
--------------------
148
4519
--------------------
149
--------------------
150
2345
--------------------
151
--------------------
152
--------------------
153
--------------------
154
--------------------
155
--------------------
156
--------------------
157
--------------------
158
--------------------
159
--------------------
160
--------------------
161
2932
--------------------
162
--------------------
163
--------------------
164
--------------------
165
--------------------
166
4956
--------------------
167
--------------------
168
--------------------
169
3349
--------------------
170
3968
--------------------
171
--------------------
172
--------------------
173
--------------------
174
--------------------
175
--------------------
176
--------------------
177
--------------------
178
--------------------
179
3489
--------------------
180
--------------------
181
4101
--------------------
182
--------------------
183
--------------------
184
--------------------
185
--------------------
186
29
--------------------
187
3658
--------------------
188
--------------------
189
--------------------
190
--------------------
191
--------------------
192
--------------------
193
4215
--------------------
194
3279
--------------------
195
--------------------
196
1599
--------------------
197
--------------------
198
--------------------
199
3412
--------------------
200
--------------------
201
--------------------
202
--------------------
203
--------------------
204
--------------------
205
--------------------
206
--------------------
207
1998
--------------------
208
--------------------
209
--------------------
210
--------------------
211
2256
--------------------
212
--------------------
213
--------------------
214
4039
--------------------
215
--------------------
216
3348
--------------------
217
--------------------
218
--------------------
219
--------------------
220
--------------------
221
--------------------
222
--------------------
223
1842
--------------------
224
--------------------
225
--------------------
226
--------------------
227
--------------------
228
--------------------
229
--------------------
230
--------------------
231
--------------------
232
--------------------
233
3651
--------------------
234
3129
--------------------
235
3762
--------------------
236
--------------------
237
--------------------
238
--------------------
239
--------------------
240
--------------------
241
2920
--------------------
242
2938
--------------------
243
1786
--------------------
244
--------------------
245
--------------------
246
--------------------
247
--------------------
248
--------------------
249
--------------------
250
--------------------
251
--------------------
252
4495
--------------------
253
--------------------
254
--------------------
255
--------------------
256
--------------------
257
--------------------
258
--------------------
259
--------------------
260
4663
--------------------
261
--------------------
262
--------------------
263
--------------------
264
--------------------
265
--------------------
266
--------------------
267
--------------------
268
3130
--------------------
269
--------------------
270
4913
--------------------
271
--------------------
272
--------------------
273
--------------------
274
--------------------
275
4983
--------------------
276
2969
--------------------
277
--------------------
278
--------------------
279
--------------------
280
--------------------
281
--------------------
282
--------------------
283
--------------------
284
--------------------
285
2904
--------------------
286
--------------------
287
3730
--------------------
288
--------------------
289
--------------------
290
3921
--------------------
291
--------------------
292
--------------------
293
--------------------
294
--------------------
295
--------------------
296
--------------------
297
--------------------
298
2678
--------------------
299
--------------------
300
--------------------
301
--------------------
302
2550
--------------------
303
--------------------
304
2856
--------------------
305
--------------------
306
--------------------
307
--------------------
308
--------------------
309
--------------------
310
3150
--------------------
311
--------------------
312
3832
--------------------
313
2378
--------------------
314
--------------------
315
--------------------
316
--------------------
317
--------------------
318
--------------------
319
2373
--------------------
320
1399
--------------------
321
4599
--------------------
322
--------------------
323
3978
--------------------
324
4493
--------------------
325
--------------------
326
--------------------
327
--------------------
328
--------------------
329
--------------------
330
--------------------
331
1879
--------------------
332
--------------------
333
--------------------
334
--------------------
335
--------------------
336
4638
--------------------
337
--------------------
338
--------------------
339
--------------------
340
--------------------
341
3134
--------------------
342
3925
--------------------
343
--------------------
344
119
--------------------
345
--------------------
346
--------------------
347
--------------------
348
--------------------
349
--------------------
350
3990
--------------------
351
3356
--------------------
352
--------------------
353
--------------------
354
--------------------
355
--------------------
356
--------------------
357
3544
--------------------
358
--------------------
359
--------------------
360
--------------------
361
--------------------
362
1336
--------------------
363
--------------------
364
--------------------
365
--------------------
366
--------------------
367
--------------------
368
--------------------
369
3756
--------------------
370
--------------------
371
--------------------
372
--------------------
373
--------------------
374
4986
--------------------
375
--------------------
376
--------------------
377
--------------------
378
--------------------
379
--------------------
380
--------------------
381
--------------------
382
--------------------
383
3695
--------------------
384
--------------------
385
--------------------
386
--------------------
387
--------------------
388
2976
--------------------
389
--------------------
390
3039
--------------------
391
--------------------
392
--------------------
393
--------------------
394
2083
--------------------
395
--------------------
396
--------------------
397
--------------------
398
--------------------
399
3263.2043010752686
93
{0: [0, 4956], 1: [2, 4999], 2: [2, 4999], 3: [2, 4999], 4: [2, 4999], 5: [0, 3787], 6: [2, 4999], 7: [0, 3955], 8: [2, 4999], 9: [2, 4999], 10: [2, 4999], 11: [2, 4999], 12: [2, 4999], 13: [2, 4999], 14: [2, 4999], 15: [1, 4999], 16: [0, 4846], 17: [2, 4999], 18: [2, 4999], 19: [2, 4999], 20: [1, 4999], 21: [2, 4999], 22: [2, 4999], 23: [2, 4999], 24: [2, 4999], 25: [0, 1048], 26: [2, 4999], 27: [2, 4999], 28: [2, 4999], 29: [1, 4999], 30: [0, 3800], 31: [2, 4999], 32: [2, 4999], 33: [2, 4999], 34: [0, 4347], 35: [0, 3943], 36: [0, 3770], 37: [0, 4066], 38: [2, 4999], 39: [2, 4999], 40: [2, 4999], 41: [0, 2920], 42: [2, 4999], 43: [2, 4999], 44: [2, 4999], 45: [0, 2164], 46: [2, 4999], 47: [1, 4999], 48: [0, 4009], 49: [2, 4999], 50: [0, 2200], 51: [2, 4999], 52: [2, 4999], 53: [0, 3803], 54: [2, 4999], 55: [2, 4999], 56: [0, 4882], 57: [2, 4999], 58: [0, 3649], 59: [2, 4999], 60: [2, 4999], 61: [2, 4999], 62: [1, 4999], 63: [1, 4999], 64: [2, 4999], 65: [2, 4999], 66: [2, 4999], 67: [2, 4999], 68: [2, 4999], 69: [2, 4999], 70: [1, 4999], 71: [0, 1388], 72: [2, 4999], 73: [2, 4999], 74: [2, 4999], 75: [2, 4999], 76: [0, 4639], 77: [2, 4999], 78: [2, 4999], 79: [2, 4999], 80: [2, 4999], 81: [2, 4999], 82: [2, 4999], 83: [2, 4999], 84: [0, 4591], 85: [0, 2813], 86: [2, 4999], 87: [2, 4999], 88: [2, 4999], 89: [2, 4999], 90: [2, 4999], 91: [2, 4999], 92: [2, 4999], 93: [2, 4999], 94: [1, 4999], 95: [1, 4999], 96: [2, 4999], 97: [1, 4999], 98: [0, 1010], 99: [2, 4999], 100: [0, 3004], 101: [0, 3511], 102: [2, 4999], 103: [2, 4999], 104: [2, 4999], 105: [0, 952], 106: [2, 4999], 107: [2, 4999], 108: [2, 4999], 109: [2, 4999], 110: [2, 4999], 111: [2, 4999], 112: [0, 2652], 113: [2, 4999], 114: [2, 4999], 115: [2, 4999], 116: [2, 4999], 117: [2, 4999], 118: [2, 4999], 119: [2, 4999], 120: [0, 1133], 121: [2, 4999], 122: [0, 4022], 123: [2, 4999], 124: [2, 4999], 125: [2, 4999], 126: [2, 4999], 127: [2, 4999], 128: [2, 4999], 129: [0, 2277], 130: [2, 4999], 131: [2, 4999], 132: [1, 4999], 133: [0, 4321], 134: [2, 4999], 135: [0, 3985], 136: [0, 3209], 137: [2, 4999], 138: [2, 4999], 139: [2, 4999], 140: [2, 4999], 141: [2, 4999], 142: [1, 4999], 143: [2, 4999], 144: [2, 4999], 145: [2, 4999], 146: [2, 4999], 147: [0, 3856], 148: [0, 4519], 149: [2, 4999], 150: [0, 2345], 151: [2, 4999], 152: [2, 4999], 153: [1, 4999], 154: [2, 4999], 155: [2, 4999], 156: [2, 4999], 157: [2, 4999], 158: [2, 4999], 159: [2, 4999], 160: [2, 4999], 161: [0, 2932], 162: [2, 4999], 163: [2, 4999], 164: [2, 4999], 165: [2, 4999], 166: [0, 4956], 167: [2, 4999], 168: [2, 4999], 169: [0, 3349], 170: [0, 3968], 171: [2, 4999], 172: [2, 4999], 173: [1, 4999], 174: [2, 4999], 175: [2, 4999], 176: [2, 4999], 177: [2, 4999], 178: [1, 4999], 179: [0, 3489], 180: [2, 4999], 181: [0, 4101], 182: [2, 4999], 183: [2, 4999], 184: [2, 4999], 185: [2, 4999], 186: [0, 29], 187: [0, 3658], 188: [2, 4999], 189: [2, 4999], 190: [2, 4999], 191: [1, 4999], 192: [2, 4999], 193: [0, 4215], 194: [0, 3279], 195: [2, 4999], 196: [0, 1599], 197: [2, 4999], 198: [2, 4999], 199: [0, 3412], 200: [2, 4999], 201: [2, 4999], 202: [2, 4999], 203: [2, 4999], 204: [2, 4999], 205: [2, 4999], 206: [2, 4999], 207: [0, 1998], 208: [2, 4999], 209: [2, 4999], 210: [2, 4999], 211: [0, 2256], 212: [1, 4999], 213: [2, 4999], 214: [0, 4039], 215: [2, 4999], 216: [0, 3348], 217: [2, 4999], 218: [2, 4999], 219: [2, 4999], 220: [2, 4999], 221: [2, 4999], 222: [2, 4999], 223: [0, 1842], 224: [2, 4999], 225: [2, 4999], 226: [2, 4999], 227: [2, 4999], 228: [2, 4999], 229: [2, 4999], 230: [2, 4999], 231: [2, 4999], 232: [2, 4999], 233: [0, 3651], 234: [0, 3129], 235: [0, 3762], 236: [2, 4999], 237: [1, 4999], 238: [2, 4999], 239: [1, 4999], 240: [2, 4999], 241: [0, 2920], 242: [0, 2938], 243: [0, 1786], 244: [2, 4999], 245: [2, 4999], 246: [2, 4999], 247: [2, 4999], 248: [2, 4999], 249: [2, 4999], 250: [2, 4999], 251: [2, 4999], 252: [0, 4495], 253: [2, 4999], 254: [1, 4999], 255: [2, 4999], 256: [2, 4999], 257: [2, 4999], 258: [2, 4999], 259: [2, 4999], 260: [0, 4663], 261: [2, 4999], 262: [2, 4999], 263: [2, 4999], 264: [2, 4999], 265: [2, 4999], 266: [2, 4999], 267: [2, 4999], 268: [0, 3130], 269: [2, 4999], 270: [0, 4913], 271: [2, 4999], 272: [2, 4999], 273: [2, 4999], 274: [2, 4999], 275: [0, 4983], 276: [0, 2969], 277: [2, 4999], 278: [2, 4999], 279: [2, 4999], 280: [2, 4999], 281: [2, 4999], 282: [2, 4999], 283: [2, 4999], 284: [2, 4999], 285: [0, 2904], 286: [1, 4999], 287: [0, 3730], 288: [2, 4999], 289: [2, 4999], 290: [0, 3921], 291: [2, 4999], 292: [2, 4999], 293: [2, 4999], 294: [2, 4999], 295: [2, 4999], 296: [2, 4999], 297: [1, 4999], 298: [0, 2678], 299: [2, 4999], 300: [2, 4999], 301: [2, 4999], 302: [0, 2550], 303: [2, 4999], 304: [0, 2856], 305: [2, 4999], 306: [2, 4999], 307: [1, 4999], 308: [1, 4999], 309: [2, 4999], 310: [0, 3150], 311: [2, 4999], 312: [0, 3832], 313: [0, 2378], 314: [2, 4999], 315: [2, 4999], 316: [2, 4999], 317: [2, 4999], 318: [2, 4999], 319: [0, 2373], 320: [0, 1399], 321: [0, 4599], 322: [2, 4999], 323: [0, 3978], 324: [0, 4493], 325: [2, 4999], 326: [2, 4999], 327: [2, 4999], 328: [2, 4999], 329: [2, 4999], 330: [2, 4999], 331: [0, 1879], 332: [2, 4999], 333: [2, 4999], 334: [2, 4999], 335: [2, 4999], 336: [0, 4638], 337: [2, 4999], 338: [2, 4999], 339: [2, 4999], 340: [2, 4999], 341: [0, 3134], 342: [0, 3925], 343: [2, 4999], 344: [0, 119], 345: [2, 4999], 346: [2, 4999], 347: [1, 4999], 348: [1, 4999], 349: [2, 4999], 350: [0, 3990], 351: [0, 3356], 352: [2, 4999], 353: [2, 4999], 354: [2, 4999], 355: [2, 4999], 356: [2, 4999], 357: [0, 3544], 358: [2, 4999], 359: [2, 4999], 360: [2, 4999], 361: [2, 4999], 362: [0, 1336], 363: [2, 4999], 364: [2, 4999], 365: [2, 4999], 366: [2, 4999], 367: [2, 4999], 368: [2, 4999], 369: [0, 3756], 370: [1, 4999], 371: [2, 4999], 372: [2, 4999], 373: [2, 4999], 374: [0, 4986], 375: [2, 4999], 376: [2, 4999], 377: [2, 4999], 378: [2, 4999], 379: [2, 4999], 380: [2, 4999], 381: [2, 4999], 382: [2, 4999], 383: [0, 3695], 384: [2, 4999], 385: [2, 4999], 386: [2, 4999], 387: [2, 4999], 388: [0, 2976], 389: [2, 4999], 390: [0, 3039], 391: [2, 4999], 392: [2, 4999], 393: [2, 4999], 394: [0, 2083], 395: [1, 4999], 396: [2, 4999], 397: [2, 4999], 398: [2, 4999], 399: [2, 4999]}
