[1, 18, 23, 31, 10, 0, 0]
--------------------
0
1714
--------------------
1
4700
--------------------
2
--------------------
3
--------------------
4
--------------------
5
628
--------------------
6
--------------------
7
1957
--------------------
8
107
--------------------
9
1131
--------------------
10
210
--------------------
11
--------------------
12
1875
--------------------
13
--------------------
14
1223
--------------------
15
387
--------------------
16
643
--------------------
17
1181
--------------------
18
620
--------------------
19
794
--------------------
20
3538
--------------------
21
153
--------------------
22
--------------------
23
655
--------------------
24
--------------------
25
2370
--------------------
26
172
--------------------
27
--------------------
28
2080
--------------------
29
2133
--------------------
30
863
--------------------
31
3940
--------------------
32
--------------------
33
564
--------------------
34
4650
--------------------
35
2392
--------------------
36
874
--------------------
37
298
--------------------
38
806
--------------------
39
813
--------------------
40
81
--------------------
41
1221
--------------------
42
--------------------
43
141
--------------------
44
3619
--------------------
45
--------------------
46
724
--------------------
47
1730
--------------------
48
3789
--------------------
49
2428
--------------------
50
--------------------
51
--------------------
52
--------------------
53
1436
--------------------
54
28
--------------------
55
299
--------------------
56
2218
--------------------
57
368
--------------------
58
1939
--------------------
59
56
--------------------
60
--------------------
61
3618
--------------------
62
4513
--------------------
63
2647
--------------------
64
2916
--------------------
65
101
--------------------
66
1183
--------------------
67
--------------------
68
3265
--------------------
69
129
--------------------
70
2447
--------------------
71
3049
--------------------
72
653
--------------------
73
--------------------
74
1245
--------------------
75
--------------------
76
262
--------------------
77
--------------------
78
892
--------------------
79
--------------------
80
--------------------
81
1456
--------------------
82
2713
--------------------
83
970
--------------------
84
45
--------------------
85
177
--------------------
86
1434
--------------------
87
26
--------------------
88
3900
--------------------
89
512
--------------------
90
471
--------------------
91
3486
--------------------
92
4879
--------------------
93
3869
--------------------
94
3955
--------------------
95
389
--------------------
96
643
--------------------
97
724
--------------------
98
133
--------------------
99
1220
--------------------
100
106
--------------------
101
858
--------------------
102
--------------------
103
72
--------------------
104
2000
--------------------
105
2676
--------------------
106
--------------------
107
--------------------
108
2033
--------------------
109
--------------------
110
216
--------------------
111
2749
--------------------
112
--------------------
113
--------------------
114
--------------------
115
173
--------------------
116
--------------------
117
--------------------
118
296
--------------------
119
100
--------------------
120
3623
--------------------
121
1855
--------------------
122
251
--------------------
123
--------------------
124
2326
--------------------
125
--------------------
126
2009
--------------------
127
3021
--------------------
128
--------------------
129
3253
--------------------
130
4562
--------------------
131
--------------------
132
512
--------------------
133
1033
--------------------
134
2097
--------------------
135
4272
--------------------
136
2121
--------------------
137
86
--------------------
138
46
--------------------
139
--------------------
140
--------------------
141
938
--------------------
142
2997
--------------------
143
207
--------------------
144
--------------------
145
65
--------------------
146
1602
--------------------
147
62
--------------------
148
298
--------------------
149
--------------------
150
--------------------
151
1930
--------------------
152
237
--------------------
153
--------------------
154
200
--------------------
155
2286
--------------------
156
815
--------------------
157
3424
--------------------
158
21
--------------------
159
1963
--------------------
160
299
--------------------
161
--------------------
162
3243
--------------------
163
741
--------------------
164
1411
--------------------
165
1196
--------------------
166
--------------------
167
271
--------------------
168
1303
--------------------
169
--------------------
170
908
--------------------
171
3056
--------------------
172
3605
--------------------
173
1245
--------------------
174
104
--------------------
175
--------------------
176
--------------------
177
616
--------------------
178
780
--------------------
179
4352
--------------------
180
440
--------------------
181
880
--------------------
182
--------------------
183
443
--------------------
184
--------------------
185
2100
--------------------
186
3873
--------------------
187
778
--------------------
188
--------------------
189
1347
--------------------
190
256
--------------------
191
4050
--------------------
192
99
--------------------
193
--------------------
194
121
--------------------
195
2655
--------------------
196
1231
--------------------
197
--------------------
198
4291
--------------------
199
494
--------------------
200
60
--------------------
201
2064
--------------------
202
1446
--------------------
203
1778
--------------------
204
263
--------------------
205
4072
--------------------
206
99
--------------------
207
994
--------------------
208
--------------------
209
2247
--------------------
210
1560
--------------------
211
4054
--------------------
212
--------------------
213
345
--------------------
214
1802
--------------------
215
--------------------
216
23
--------------------
217
43
--------------------
218
730
--------------------
219
1106
--------------------
220
57
--------------------
221
--------------------
222
--------------------
223
1944
--------------------
224
28
--------------------
225
--------------------
226
2279
--------------------
227
1196
--------------------
228
124
--------------------
229
3673
--------------------
230
140
--------------------
231
--------------------
232
--------------------
233
3260
--------------------
234
1518
--------------------
235
1101
--------------------
236
94
--------------------
237
1595
--------------------
238
117
--------------------
239
703
--------------------
240
4315
--------------------
241
3351
--------------------
242
4273
--------------------
243
1523
--------------------
244
--------------------
245
--------------------
246
1032
--------------------
247
--------------------
248
700
--------------------
249
--------------------
250
888
--------------------
251
--------------------
252
999
--------------------
253
1139
--------------------
254
1021
--------------------
255
279
--------------------
256
--------------------
257
991
--------------------
258
139
--------------------
259
1907
--------------------
260
631
--------------------
261
1836
--------------------
262
2000
--------------------
263
875
--------------------
264
4808
--------------------
265
872
--------------------
266
--------------------
267
343
--------------------
268
1423
--------------------
269
--------------------
270
100
--------------------
271
3761
--------------------
272
1961
--------------------
273
53
--------------------
274
--------------------
275
2997
--------------------
276
--------------------
277
--------------------
278
--------------------
279
3586
--------------------
280
797
--------------------
281
1076
--------------------
282
--------------------
283
4015
--------------------
284
--------------------
285
--------------------
286
2957
--------------------
287
2040
--------------------
288
--------------------
289
--------------------
290
3946
--------------------
291
1557
--------------------
292
3651
--------------------
293
1602
--------------------
294
1985
--------------------
295
3378
--------------------
296
--------------------
297
746
--------------------
298
1079
--------------------
299
667
--------------------
300
1149
--------------------
301
1015
--------------------
302
1033
--------------------
303
--------------------
304
642
--------------------
305
300
--------------------
306
240
--------------------
307
1036
--------------------
308
226
--------------------
309
685
--------------------
310
2640
--------------------
311
--------------------
312
624
--------------------
313
1936
--------------------
314
--------------------
315
905
--------------------
316
--------------------
317
1192
--------------------
318
46
--------------------
319
921
--------------------
320
--------------------
321
3219
--------------------
322
809
--------------------
323
869
--------------------
324
--------------------
325
3526
--------------------
326
1164
--------------------
327
275
--------------------
328
2264
--------------------
329
1811
--------------------
330
1112
--------------------
331
362
--------------------
332
--------------------
333
1596
--------------------
334
--------------------
335
--------------------
336
2861
--------------------
337
342
--------------------
338
3951
--------------------
339
1140
--------------------
340
--------------------
341
--------------------
342
1043
--------------------
343
918
--------------------
344
2669
--------------------
345
--------------------
346
3292
--------------------
347
2251
--------------------
348
864
--------------------
349
922
--------------------
350
2041
--------------------
351
--------------------
352
--------------------
353
--------------------
354
--------------------
355
143
--------------------
356
824
--------------------
357
236
--------------------
358
--------------------
359
345
--------------------
360
2185
--------------------
361
3902
--------------------
362
--------------------
363
77
--------------------
364
2440
--------------------
365
--------------------
366
396
--------------------
367
1803
--------------------
368
1387
--------------------
369
571
--------------------
370
1824
--------------------
371
4334
--------------------
372
91
--------------------
373
330
--------------------
374
2809
--------------------
375
--------------------
376
252
--------------------
377
--------------------
378
--------------------
379
154
--------------------
380
3336
--------------------
381
655
--------------------
382
--------------------
383
1499
--------------------
384
409
--------------------
385
2431
--------------------
386
3612
--------------------
387
57
--------------------
388
331
--------------------
389
1524
--------------------
390
1177
--------------------
391
289
--------------------
392
--------------------
393
294
--------------------
394
--------------------
395
202
--------------------
396
--------------------
397
576
--------------------
398
1444
--------------------
399
11
1483.851851851852
297
{0: [0, 1714], 1: [0, 4700], 2: [1, 4999], 3: [1, 4999], 4: [1, 4999], 5: [0, 628], 6: [1, 4999], 7: [0, 1957], 8: [0, 107], 9: [0, 1131], 10: [0, 210], 11: [1, 4999], 12: [0, 1875], 13: [1, 4999], 14: [0, 1223], 15: [0, 387], 16: [0, 643], 17: [0, 1181], 18: [0, 620], 19: [0, 794], 20: [0, 3538], 21: [0, 153], 22: [1, 4999], 23: [0, 655], 24: [1, 4999], 25: [0, 2370], 26: [0, 172], 27: [1, 4999], 28: [0, 2080], 29: [0, 2133], 30: [0, 863], 31: [0, 3940], 32: [1, 4999], 33: [0, 564], 34: [0, 4650], 35: [0, 2392], 36: [0, 874], 37: [0, 298], 38: [0, 806], 39: [0, 813], 40: [0, 81], 41: [0, 1221], 42: [1, 4999], 43: [0, 141], 44: [0, 3619], 45: [1, 4999], 46: [0, 724], 47: [0, 1730], 48: [0, 3789], 49: [0, 2428], 50: [1, 4999], 51: [1, 4999], 52: [1, 4999], 53: [0, 1436], 54: [0, 28], 55: [0, 299], 56: [0, 2218], 57: [0, 368], 58: [0, 1939], 59: [0, 56], 60: [1, 4999], 61: [0, 3618], 62: [0, 4513], 63: [0, 2647], 64: [0, 2916], 65: [0, 101], 66: [0, 1183], 67: [1, 4999], 68: [0, 3265], 69: [0, 129], 70: [0, 2447], 71: [0, 3049], 72: [0, 653], 73: [1, 4999], 74: [0, 1245], 75: [1, 4999], 76: [0, 262], 77: [1, 4999], 78: [0, 892], 79: [1, 4999], 80: [1, 4999], 81: [0, 1456], 82: [0, 2713], 83: [0, 970], 84: [0, 45], 85: [0, 177], 86: [0, 1434], 87: [0, 26], 88: [0, 3900], 89: [0, 512], 90: [0, 471], 91: [0, 3486], 92: [0, 4879], 93: [0, 3869], 94: [0, 3955], 95: [0, 389], 96: [0, 643], 97: [0, 724], 98: [0, 133], 99: [0, 1220], 100: [0, 106], 101: [0, 858], 102: [1, 4999], 103: [0, 72], 104: [0, 2000], 105: [0, 2676], 106: [1, 4999], 107: [1, 4999], 108: [0, 2033], 109: [1, 4999], 110: [0, 216], 111: [0, 2749], 112: [1, 4999], 113: [1, 4999], 114: [1, 4999], 115: [0, 173], 116: [1, 4999], 117: [1, 4999], 118: [0, 296], 119: [0, 100], 120: [0, 3623], 121: [0, 1855], 122: [0, 251], 123: [1, 4999], 124: [0, 2326], 125: [1, 4999], 126: [0, 2009], 127: [0, 3021], 128: [1, 4999], 129: [0, 3253], 130: [0, 4562], 131: [1, 4999], 132: [0, 512], 133: [0, 1033], 134: [0, 2097], 135: [0, 4272], 136: [0, 2121], 137: [0, 86], 138: [0, 46], 139: [1, 4999], 140: [1, 4999], 141: [0, 938], 142: [0, 2997], 143: [0, 207], 144: [1, 4999], 145: [0, 65], 146: [0, 1602], 147: [0, 62], 148: [0, 298], 149: [1, 4999], 150: [1, 4999], 151: [0, 1930], 152: [0, 237], 153: [1, 4999], 154: [0, 200], 155: [0, 2286], 156: [0, 815], 157: [0, 3424], 158: [0, 21], 159: [0, 1963], 160: [0, 299], 161: [1, 4999], 162: [0, 3243], 163: [0, 741], 164: [0, 1411], 165: [0, 1196], 166: [1, 4999], 167: [0, 271], 168: [0, 1303], 169: [1, 4999], 170: [0, 908], 171: [0, 3056], 172: [0, 3605], 173: [0, 1245], 174: [0, 104], 175: [1, 4999], 176: [1, 4999], 177: [0, 616], 178: [0, 780], 179: [0, 4352], 180: [0, 440], 181: [0, 880], 182: [1, 4999], 183: [0, 443], 184: [1, 4999], 185: [0, 2100], 186: [0, 3873], 187: [0, 778], 188: [1, 4999], 189: [0, 1347], 190: [0, 256], 191: [0, 4050], 192: [0, 99], 193: [1, 4999], 194: [0, 121], 195: [0, 2655], 196: [0, 1231], 197: [1, 4999], 198: [0, 4291], 199: [0, 494], 200: [0, 60], 201: [0, 2064], 202: [0, 1446], 203: [0, 1778], 204: [0, 263], 205: [0, 4072], 206: [0, 99], 207: [0, 994], 208: [1, 4999], 209: [0, 2247], 210: [0, 1560], 211: [0, 4054], 212: [1, 4999], 213: [0, 345], 214: [0, 1802], 215: [1, 4999], 216: [0, 23], 217: [0, 43], 218: [0, 730], 219: [0, 1106], 220: [0, 57], 221: [1, 4999], 222: [1, 4999], 223: [0, 1944], 224: [0, 28], 225: [1, 4999], 226: [0, 2279], 227: [0, 1196], 228: [0, 124], 229: [0, 3673], 230: [0, 140], 231: [1, 4999], 232: [1, 4999], 233: [0, 3260], 234: [0, 1518], 235: [0, 1101], 236: [0, 94], 237: [0, 1595], 238: [0, 117], 239: [0, 703], 240: [0, 4315], 241: [0, 3351], 242: [0, 4273], 243: [0, 1523], 244: [1, 4999], 245: [1, 4999], 246: [0, 1032], 247: [1, 4999], 248: [0, 700], 249: [1, 4999], 250: [0, 888], 251: [1, 4999], 252: [0, 999], 253: [0, 1139], 254: [0, 1021], 255: [0, 279], 256: [1, 4999], 257: [0, 991], 258: [0, 139], 259: [0, 1907], 260: [0, 631], 261: [0, 1836], 262: [0, 2000], 263: [0, 875], 264: [0, 4808], 265: [0, 872], 266: [1, 4999], 267: [0, 343], 268: [0, 1423], 269: [1, 4999], 270: [0, 100], 271: [0, 3761], 272: [0, 1961], 273: [0, 53], 274: [1, 4999], 275: [0, 2997], 276: [1, 4999], 277: [1, 4999], 278: [1, 4999], 279: [0, 3586], 280: [0, 797], 281: [0, 1076], 282: [1, 4999], 283: [0, 4015], 284: [1, 4999], 285: [1, 4999], 286: [0, 2957], 287: [0, 2040], 288: [1, 4999], 289: [1, 4999], 290: [0, 3946], 291: [0, 1557], 292: [0, 3651], 293: [0, 1602], 294: [0, 1985], 295: [0, 3378], 296: [1, 4999], 297: [0, 746], 298: [0, 1079], 299: [0, 667], 300: [0, 1149], 301: [0, 1015], 302: [0, 1033], 303: [1, 4999], 304: [0, 642], 305: [0, 300], 306: [0, 240], 307: [0, 1036], 308: [0, 226], 309: [0, 685], 310: [0, 2640], 311: [1, 4999], 312: [0, 624], 313: [0, 1936], 314: [1, 4999], 315: [0, 905], 316: [1, 4999], 317: [0, 1192], 318: [0, 46], 319: [0, 921], 320: [1, 4999], 321: [0, 3219], 322: [0, 809], 323: [0, 869], 324: [1, 4999], 325: [0, 3526], 326: [0, 1164], 327: [0, 275], 328: [0, 2264], 329: [0, 1811], 330: [0, 1112], 331: [0, 362], 332: [1, 4999], 333: [0, 1596], 334: [1, 4999], 335: [1, 4999], 336: [0, 2861], 337: [0, 342], 338: [0, 3951], 339: [0, 1140], 340: [1, 4999], 341: [1, 4999], 342: [0, 1043], 343: [0, 918], 344: [0, 2669], 345: [1, 4999], 346: [0, 3292], 347: [0, 2251], 348: [0, 864], 349: [0, 922], 350: [0, 2041], 351: [1, 4999], 352: [1, 4999], 353: [1, 4999], 354: [1, 4999], 355: [0, 143], 356: [0, 824], 357: [0, 236], 358: [1, 4999], 359: [0, 345], 360: [0, 2185], 361: [0, 3902], 362: [1, 4999], 363: [0, 77], 364: [0, 2440], 365: [1, 4999], 366: [0, 396], 367: [0, 1803], 368: [0, 1387], 369: [0, 571], 370: [0, 1824], 371: [0, 4334], 372: [0, 91], 373: [0, 330], 374: [0, 2809], 375: [1, 4999], 376: [0, 252], 377: [1, 4999], 378: [1, 4999], 379: [0, 154], 380: [0, 3336], 381: [0, 655], 382: [1, 4999], 383: [0, 1499], 384: [0, 409], 385: [0, 2431], 386: [0, 3612], 387: [0, 57], 388: [0, 331], 389: [0, 1524], 390: [0, 1177], 391: [0, 289], 392: [1, 4999], 393: [0, 294], 394: [1, 4999], 395: [0, 202], 396: [1, 4999], 397: [0, 576], 398: [0, 1444], 399: [0, 11]}
