[1, 18, 23, 31, 10, 0, 0]
[1, 18, 23, 31, 10, 0, 0]
--------------------
0
505
--------------------
1
1359
--------------------
2
3301
--------------------
3
--------------------
4
--------------------
5
4954
--------------------
6
--------------------
7
4192
--------------------
8
60
--------------------
9
--------------------
10
--------------------
11
--------------------
12
--------------------
13
--------------------
14
1786
--------------------
15
415
--------------------
16
1905
--------------------
17
--------------------
18
528
--------------------
19
598
--------------------
20
--------------------
21
139
--------------------
22
--------------------
23
1406
--------------------
24
2761
--------------------
25
506
--------------------
26
1337
--------------------
27
--------------------
28
1791
--------------------
29
1193
--------------------
30
4966
--------------------
31
2080
--------------------
32
1195
--------------------
33
3201
--------------------
34
3714
--------------------
35
--------------------
36
--------------------
37
460
--------------------
38
--------------------
39
209
--------------------
40
--------------------
41
1188
--------------------
42
2253
--------------------
43
--------------------
44
1949
--------------------
45
--------------------
46
--------------------
47
3153
--------------------
48
326
--------------------
49
564
--------------------
50
3363
--------------------
51
--------------------
52
--------------------
53
494
--------------------
54
--------------------
55
99
--------------------
56
4651
--------------------
57
383
--------------------
58
787
--------------------
59
--------------------
60
390
--------------------
61
3744
--------------------
62
1135
--------------------
63
22
--------------------
64
192
--------------------
65
--------------------
66
705
--------------------
67
1174
--------------------
68
--------------------
69
--------------------
70
1265
--------------------
71
1022
--------------------
72
1471
--------------------
73
153
--------------------
74
1893
--------------------
75
--------------------
76
269
--------------------
77
--------------------
78
47
--------------------
79
--------------------
80
--------------------
81
739
--------------------
82
2466
--------------------
83
3509
--------------------
84
--------------------
85
1071
--------------------
86
--------------------
87
--------------------
88
--------------------
89
193
--------------------
90
1656
--------------------
91
816
--------------------
92
--------------------
93
1005
--------------------
94
918
--------------------
95
4283
--------------------
96
601
--------------------
97
169
--------------------
98
978
--------------------
99
--------------------
100
--------------------
101
3041
--------------------
102
1542
--------------------
103
--------------------
104
90
--------------------
105
2218
--------------------
106
843
--------------------
107
--------------------
108
3222
--------------------
109
248
--------------------
110
--------------------
111
3252
--------------------
112
--------------------
113
--------------------
114
--------------------
115
--------------------
116
--------------------
117
--------------------
118
1899
--------------------
119
--------------------
120
--------------------
121
974
--------------------
122
751
--------------------
123
--------------------
124
--------------------
125
--------------------
126
487
--------------------
127
730
--------------------
128
--------------------
129
1568
--------------------
130
1668
--------------------
131
1160
--------------------
132
--------------------
133
790
--------------------
134
4356
--------------------
135
617
--------------------
136
1535
--------------------
137
519
--------------------
138
1004
--------------------
139
3081
--------------------
140
--------------------
141
264
--------------------
142
1196
--------------------
143
328
--------------------
144
117
--------------------
145
386
--------------------
146
--------------------
147
804
--------------------
148
2403
--------------------
149
--------------------
150
3935
--------------------
151
--------------------
152
--------------------
153
1245
--------------------
154
659
--------------------
155
1600
--------------------
156
436
--------------------
157
1881
--------------------
158
185
--------------------
159
688
--------------------
160
--------------------
161
--------------------
162
1513
--------------------
163
1550
--------------------
164
--------------------
165
2232
--------------------
166
52
--------------------
167
629
--------------------
168
--------------------
169
--------------------
170
2832
--------------------
171
--------------------
172
3555
--------------------
173
590
--------------------
174
--------------------
175
--------------------
176
--------------------
177
--------------------
178
361
--------------------
179
691
--------------------
180
--------------------
181
--------------------
182
--------------------
183
1268
--------------------
184
--------------------
185
4914
--------------------
186
4881
--------------------
187
--------------------
188
--------------------
189
2222
--------------------
190
120
--------------------
191
3607
--------------------
192
665
--------------------
193
--------------------
194
643
--------------------
195
1740
--------------------
196
2809
--------------------
197
939
--------------------
198
2582
--------------------
199
--------------------
200
159
--------------------
201
108
--------------------
202
1290
--------------------
203
--------------------
204
4498
--------------------
205
--------------------
206
3709
--------------------
207
--------------------
208
--------------------
209
1335
--------------------
210
--------------------
211
857
--------------------
212
156
--------------------
213
2715
--------------------
214
320
--------------------
215
2891
--------------------
216
--------------------
217
36
--------------------
218
4210
--------------------
219
3252
--------------------
220
--------------------
221
--------------------
222
--------------------
223
3703
--------------------
224
210
--------------------
225
--------------------
226
--------------------
227
--------------------
228
3063
--------------------
229
--------------------
230
127
--------------------
231
4764
--------------------
232
--------------------
233
--------------------
234
2103
--------------------
235
--------------------
236
554
--------------------
237
1902
--------------------
238
202
--------------------
239
501
--------------------
240
--------------------
241
--------------------
242
826
--------------------
243
4210
--------------------
244
1651
--------------------
245
2377
--------------------
246
--------------------
247
--------------------
248
3855
--------------------
249
--------------------
250
--------------------
251
62
--------------------
252
2283
--------------------
253
607
--------------------
254
346
--------------------
255
3545
--------------------
256
554
--------------------
257
--------------------
258
2412
--------------------
259
3988
--------------------
260
109
--------------------
261
1535
--------------------
262
3189
--------------------
263
126
--------------------
264
1425
--------------------
265
--------------------
266
1023
--------------------
267
189
--------------------
268
160
--------------------
269
2551
--------------------
270
--------------------
271
--------------------
272
4129
--------------------
273
1054
--------------------
274
--------------------
275
2985
--------------------
276
1083
--------------------
277
49
--------------------
278
3399
--------------------
279
2899
--------------------
280
--------------------
281
1592
--------------------
282
1847
--------------------
283
3839
--------------------
284
--------------------
285
--------------------
286
1900
--------------------
287
3791
--------------------
288
--------------------
289
--------------------
290
--------------------
291
177
--------------------
292
3247
--------------------
293
339
--------------------
294
103
--------------------
295
--------------------
296
--------------------
297
--------------------
298
713
--------------------
299
1595
--------------------
300
3113
--------------------
301
--------------------
302
--------------------
303
--------------------
304
110
--------------------
305
521
--------------------
306
--------------------
307
3968
--------------------
308
91
--------------------
309
1340
--------------------
310
1222
--------------------
311
--------------------
312
--------------------
313
3943
--------------------
314
1146
--------------------
315
2491
--------------------
316
3821
--------------------
317
2426
--------------------
318
--------------------
319
273
--------------------
320
1060
--------------------
321
--------------------
322
162
--------------------
323
4523
--------------------
324
4083
--------------------
325
1149
--------------------
326
2669
--------------------
327
3787
--------------------
328
1299
--------------------
329
2352
--------------------
330
1217
--------------------
331
3419
--------------------
332
--------------------
333
1101
--------------------
334
--------------------
335
--------------------
336
--------------------
337
582
--------------------
338
--------------------
339
576
--------------------
340
--------------------
341
620
--------------------
342
699
--------------------
343
241
--------------------
344
--------------------
345
192
--------------------
346
4179
--------------------
347
--------------------
348
1397
--------------------
349
886
--------------------
350
1925
--------------------
351
3322
--------------------
352
--------------------
353
905
--------------------
354
--------------------
355
--------------------
356
605
--------------------
357
124
--------------------
358
--------------------
359
2428
--------------------
360
69
--------------------
361
--------------------
362
--------------------
363
650
--------------------
364
1133
--------------------
365
--------------------
366
1289
--------------------
367
1983
--------------------
368
4249
--------------------
369
1271
--------------------
370
3292
--------------------
371
1951
--------------------
372
2609
--------------------
373
2767
--------------------
374
1662
--------------------
375
4353
--------------------
376
3722
--------------------
377
--------------------
378
--------------------
379
338
--------------------
380
968
--------------------
381
1600
--------------------
382
--------------------
383
--------------------
384
4811
--------------------
385
--------------------
386
--------------------
387
--------------------
388
618
--------------------
389
743
--------------------
390
--------------------
391
--------------------
392
1913
--------------------
393
258
--------------------
394
--------------------
395
391
--------------------
396
--------------------
397
1709
--------------------
398
1501
--------------------
399
1652.2529644268775
253
{0: [0, 505], 1: [0, 1359], 2: [0, 3301], 3: [1, 4999], 4: [1, 4999], 5: [0, 4954], 6: [1, 4999], 7: [0, 4192], 8: [0, 60], 9: [1, 4999], 10: [1, 4999], 11: [1, 4999], 12: [1, 4999], 13: [1, 4999], 14: [0, 1786], 15: [0, 415], 16: [0, 1905], 17: [1, 4999], 18: [0, 528], 19: [0, 598], 20: [1, 4999], 21: [0, 139], 22: [1, 4999], 23: [0, 1406], 24: [0, 2761], 25: [0, 506], 26: [0, 1337], 27: [1, 4999], 28: [0, 1791], 29: [0, 1193], 30: [0, 4966], 31: [0, 2080], 32: [0, 1195], 33: [0, 3201], 34: [0, 3714], 35: [1, 4999], 36: [1, 4999], 37: [0, 460], 38: [1, 4999], 39: [0, 209], 40: [1, 4999], 41: [0, 1188], 42: [0, 2253], 43: [1, 4999], 44: [0, 1949], 45: [1, 4999], 46: [1, 4999], 47: [0, 3153], 48: [0, 326], 49: [0, 564], 50: [0, 3363], 51: [1, 4999], 52: [1, 4999], 53: [0, 494], 54: [1, 4999], 55: [0, 99], 56: [0, 4651], 57: [0, 383], 58: [0, 787], 59: [1, 4999], 60: [0, 390], 61: [0, 3744], 62: [0, 1135], 63: [0, 22], 64: [0, 192], 65: [1, 4999], 66: [0, 705], 67: [0, 1174], 68: [1, 4999], 69: [1, 4999], 70: [0, 1265], 71: [0, 1022], 72: [0, 1471], 73: [0, 153], 74: [0, 1893], 75: [1, 4999], 76: [0, 269], 77: [1, 4999], 78: [0, 47], 79: [1, 4999], 80: [1, 4999], 81: [0, 739], 82: [0, 2466], 83: [0, 3509], 84: [1, 4999], 85: [0, 1071], 86: [1, 4999], 87: [1, 4999], 88: [1, 4999], 89: [0, 193], 90: [0, 1656], 91: [0, 816], 92: [1, 4999], 93: [0, 1005], 94: [0, 918], 95: [0, 4283], 96: [0, 601], 97: [0, 169], 98: [0, 978], 99: [1, 4999], 100: [1, 4999], 101: [0, 3041], 102: [0, 1542], 103: [1, 4999], 104: [0, 90], 105: [0, 2218], 106: [0, 843], 107: [1, 4999], 108: [0, 3222], 109: [0, 248], 110: [1, 4999], 111: [0, 3252], 112: [1, 4999], 113: [1, 4999], 114: [1, 4999], 115: [1, 4999], 116: [1, 4999], 117: [1, 4999], 118: [0, 1899], 119: [1, 4999], 120: [1, 4999], 121: [0, 974], 122: [0, 751], 123: [1, 4999], 124: [1, 4999], 125: [1, 4999], 126: [0, 487], 127: [0, 730], 128: [1, 4999], 129: [0, 1568], 130: [0, 1668], 131: [0, 1160], 132: [1, 4999], 133: [0, 790], 134: [0, 4356], 135: [0, 617], 136: [0, 1535], 137: [0, 519], 138: [0, 1004], 139: [0, 3081], 140: [1, 4999], 141: [0, 264], 142: [0, 1196], 143: [0, 328], 144: [0, 117], 145: [0, 386], 146: [1, 4999], 147: [0, 804], 148: [0, 2403], 149: [1, 4999], 150: [0, 3935], 151: [1, 4999], 152: [1, 4999], 153: [0, 1245], 154: [0, 659], 155: [0, 1600], 156: [0, 436], 157: [0, 1881], 158: [0, 185], 159: [0, 688], 160: [1, 4999], 161: [1, 4999], 162: [0, 1513], 163: [0, 1550], 164: [1, 4999], 165: [0, 2232], 166: [0, 52], 167: [0, 629], 168: [1, 4999], 169: [1, 4999], 170: [0, 2832], 171: [1, 4999], 172: [0, 3555], 173: [0, 590], 174: [1, 4999], 175: [1, 4999], 176: [1, 4999], 177: [1, 4999], 178: [0, 361], 179: [0, 691], 180: [1, 4999], 181: [1, 4999], 182: [1, 4999], 183: [0, 1268], 184: [1, 4999], 185: [0, 4914], 186: [0, 4881], 187: [1, 4999], 188: [1, 4999], 189: [0, 2222], 190: [0, 120], 191: [0, 3607], 192: [0, 665], 193: [1, 4999], 194: [0, 643], 195: [0, 1740], 196: [0, 2809], 197: [0, 939], 198: [0, 2582], 199: [1, 4999], 200: [0, 159], 201: [0, 108], 202: [0, 1290], 203: [1, 4999], 204: [0, 4498], 205: [1, 4999], 206: [0, 3709], 207: [1, 4999], 208: [1, 4999], 209: [0, 1335], 210: [1, 4999], 211: [0, 857], 212: [0, 156], 213: [0, 2715], 214: [0, 320], 215: [0, 2891], 216: [1, 4999], 217: [0, 36], 218: [0, 4210], 219: [0, 3252], 220: [1, 4999], 221: [1, 4999], 222: [1, 4999], 223: [0, 3703], 224: [0, 210], 225: [1, 4999], 226: [1, 4999], 227: [1, 4999], 228: [0, 3063], 229: [1, 4999], 230: [0, 127], 231: [0, 4764], 232: [1, 4999], 233: [1, 4999], 234: [0, 2103], 235: [1, 4999], 236: [0, 554], 237: [0, 1902], 238: [0, 202], 239: [0, 501], 240: [1, 4999], 241: [1, 4999], 242: [0, 826], 243: [0, 4210], 244: [0, 1651], 245: [0, 2377], 246: [1, 4999], 247: [1, 4999], 248: [0, 3855], 249: [1, 4999], 250: [1, 4999], 251: [0, 62], 252: [0, 2283], 253: [0, 607], 254: [0, 346], 255: [0, 3545], 256: [0, 554], 257: [1, 4999], 258: [0, 2412], 259: [0, 3988], 260: [0, 109], 261: [0, 1535], 262: [0, 3189], 263: [0, 126], 264: [0, 1425], 265: [1, 4999], 266: [0, 1023], 267: [0, 189], 268: [0, 160], 269: [0, 2551], 270: [1, 4999], 271: [1, 4999], 272: [0, 4129], 273: [0, 1054], 274: [1, 4999], 275: [0, 2985], 276: [0, 1083], 277: [0, 49], 278: [0, 3399], 279: [0, 2899], 280: [1, 4999], 281: [0, 1592], 282: [0, 1847], 283: [0, 3839], 284: [1, 4999], 285: [1, 4999], 286: [0, 1900], 287: [0, 3791], 288: [1, 4999], 289: [1, 4999], 290: [1, 4999], 291: [0, 177], 292: [0, 3247], 293: [0, 339], 294: [0, 103], 295: [1, 4999], 296: [1, 4999], 297: [1, 4999], 298: [0, 713], 299: [0, 1595], 300: [0, 3113], 301: [1, 4999], 302: [1, 4999], 303: [1, 4999], 304: [0, 110], 305: [0, 521], 306: [1, 4999], 307: [0, 3968], 308: [0, 91], 309: [0, 1340], 310: [0, 1222], 311: [1, 4999], 312: [1, 4999], 313: [0, 3943], 314: [0, 1146], 315: [0, 2491], 316: [0, 3821], 317: [0, 2426], 318: [1, 4999], 319: [0, 273], 320: [0, 1060], 321: [1, 4999], 322: [0, 162], 323: [0, 4523], 324: [0, 4083], 325: [0, 1149], 326: [0, 2669], 327: [0, 3787], 328: [0, 1299], 329: [0, 2352], 330: [0, 1217], 331: [0, 3419], 332: [1, 4999], 333: [0, 1101], 334: [1, 4999], 335: [1, 4999], 336: [1, 4999], 337: [0, 582], 338: [1, 4999], 339: [0, 576], 340: [1, 4999], 341: [0, 620], 342: [0, 699], 343: [0, 241], 344: [1, 4999], 345: [0, 192], 346: [0, 4179], 347: [1, 4999], 348: [0, 1397], 349: [0, 886], 350: [0, 1925], 351: [0, 3322], 352: [1, 4999], 353: [0, 905], 354: [1, 4999], 355: [1, 4999], 356: [0, 605], 357: [0, 124], 358: [1, 4999], 359: [0, 2428], 360: [0, 69], 361: [1, 4999], 362: [1, 4999], 363: [0, 650], 364: [0, 1133], 365: [1, 4999], 366: [0, 1289], 367: [0, 1983], 368: [0, 4249], 369: [0, 1271], 370: [0, 3292], 371: [0, 1951], 372: [0, 2609], 373: [0, 2767], 374: [0, 1662], 375: [0, 4353], 376: [0, 3722], 377: [1, 4999], 378: [1, 4999], 379: [0, 338], 380: [0, 968], 381: [0, 1600], 382: [1, 4999], 383: [1, 4999], 384: [0, 4811], 385: [1, 4999], 386: [1, 4999], 387: [1, 4999], 388: [0, 618], 389: [0, 743], 390: [1, 4999], 391: [1, 4999], 392: [0, 1913], 393: [0, 258], 394: [1, 4999], 395: [0, 391], 396: [1, 4999], 397: [0, 1709], 398: [0, 1501], 399: [1, 4999]}
