[1, 18, 23, 31, 10, 0, 0]
--------------------
0
--------------------
1
4860
--------------------
2
3050
--------------------
3
--------------------
4
--------------------
5
--------------------
6
--------------------
7
--------------------
8
4596
--------------------
9
3775
--------------------
10
1254
--------------------
11
--------------------
12
1334
--------------------
13
--------------------
14
--------------------
15
81
--------------------
16
--------------------
17
--------------------
18
--------------------
19
--------------------
20
63
--------------------
21
--------------------
22
--------------------
23
4666
--------------------
24
--------------------
25
--------------------
26
--------------------
27
--------------------
28
4462
--------------------
29
4336
--------------------
30
--------------------
31
2649
--------------------
32
--------------------
33
--------------------
34
1989
--------------------
35
1167
--------------------
36
28
--------------------
37
1162
--------------------
38
--------------------
39
3896
--------------------
40
--------------------
41
72
--------------------
42
--------------------
43
--------------------
44
89
--------------------
45
--------------------
46
3314
--------------------
47
4349
--------------------
48
--------------------
49
--------------------
50
--------------------
51
--------------------
52
--------------------
53
1990
--------------------
54
9
--------------------
55
1583
--------------------
56
--------------------
57
--------------------
58
1191
--------------------
59
68
--------------------
60
--------------------
61
--------------------
62
--------------------
63
--------------------
64
2847
--------------------
65
--------------------
66
--------------------
67
--------------------
68
236
--------------------
69
3212
--------------------
70
--------------------
71
4169
--------------------
72
--------------------
73
--------------------
74
1444
--------------------
75
--------------------
76
89
--------------------
77
--------------------
78
3477
--------------------
79
--------------------
80
--------------------
81
--------------------
82
--------------------
83
--------------------
84
--------------------
85
98
--------------------
86
2727
--------------------
87
268
--------------------
88
--------------------
89
--------------------
90
540
--------------------
91
--------------------
92
--------------------
93
2471
--------------------
94
183
--------------------
95
333
--------------------
96
--------------------
97
2082
--------------------
98
4412
--------------------
99
682
--------------------
100
68
--------------------
101
--------------------
102
--------------------
103
--------------------
104
78
--------------------
105
--------------------
106
--------------------
107
--------------------
108
384
--------------------
109
--------------------
110
--------------------
111
4071
--------------------
112
--------------------
113
--------------------
114
--------------------
115
19
--------------------
116
4092
--------------------
117
--------------------
118
--------------------
119
--------------------
120
--------------------
121
--------------------
122
--------------------
123
--------------------
124
--------------------
125
--------------------
126
--------------------
127
--------------------
128
--------------------
129
--------------------
130
--------------------
131
584
--------------------
132
--------------------
133
--------------------
134
--------------------
135
--------------------
136
1528
--------------------
137
4882
--------------------
138
242
--------------------
139
--------------------
140
--------------------
141
--------------------
142
3045
--------------------
143
--------------------
144
--------------------
145
412
--------------------
146
4738
--------------------
147
848
--------------------
148
4025
--------------------
149
--------------------
150
--------------------
151
--------------------
152
--------------------
153
--------------------
154
--------------------
155
--------------------
156
--------------------
157
--------------------
158
--------------------
159
--------------------
160
--------------------
161
--------------------
162
--------------------
163
1649
--------------------
164
192
--------------------
165
--------------------
166
--------------------
167
470
--------------------
168
1860
--------------------
169
--------------------
170
371
--------------------
171
--------------------
172
--------------------
173
--------------------
174
--------------------
175
--------------------
176
--------------------
177
--------------------
178
1947
--------------------
179
996
--------------------
180
--------------------
181
--------------------
182
31
--------------------
183
949
--------------------
184
--------------------
185
--------------------
186
25
--------------------
187
--------------------
188
--------------------
189
--------------------
190
96
--------------------
191
--------------------
192
--------------------
193
--------------------
194
--------------------
195
--------------------
196
3557
--------------------
197
--------------------
198
1334
--------------------
199
3855
--------------------
200
93
--------------------
201
--------------------
202
830
--------------------
203
--------------------
204
138
--------------------
205
--------------------
206
--------------------
207
--------------------
208
194
--------------------
209
--------------------
210
--------------------
211
--------------------
212
2594
--------------------
213
--------------------
214
--------------------
215
--------------------
216
3691
--------------------
217
156
--------------------
218
--------------------
219
1489
--------------------
220
98
--------------------
221
--------------------
222
--------------------
223
--------------------
224
1586
--------------------
225
--------------------
226
--------------------
227
--------------------
228
132
--------------------
229
--------------------
230
2571
--------------------
231
1992
--------------------
232
96
--------------------
233
1535
--------------------
234
3703
--------------------
235
2969
--------------------
236
291
--------------------
237
--------------------
238
2970
--------------------
239
27
--------------------
240
4026
--------------------
241
--------------------
242
--------------------
243
--------------------
244
--------------------
245
--------------------
246
1095
--------------------
247
--------------------
248
--------------------
249
--------------------
250
487
--------------------
251
112
--------------------
252
--------------------
253
4218
--------------------
254
1838
--------------------
255
--------------------
256
2424
--------------------
257
815
--------------------
258
1075
--------------------
259
1845
--------------------
260
2062
--------------------
261
4077
--------------------
262
--------------------
263
53
--------------------
264
--------------------
265
1955
--------------------
266
--------------------
267
--------------------
268
3180
--------------------
269
--------------------
270
--------------------
271
2639
--------------------
272
--------------------
273
1596
--------------------
274
--------------------
275
--------------------
276
189
--------------------
277
12
--------------------
278
--------------------
279
--------------------
280
288
--------------------
281
--------------------
282
3508
--------------------
283
--------------------
284
--------------------
285
490
--------------------
286
--------------------
287
--------------------
288
--------------------
289
--------------------
290
3952
--------------------
291
--------------------
292
--------------------
293
--------------------
294
--------------------
295
--------------------
296
--------------------
297
--------------------
298
4983
--------------------
299
--------------------
300
2423
--------------------
301
--------------------
302
2448
--------------------
303
--------------------
304
--------------------
305
--------------------
306
--------------------
307
--------------------
308
--------------------
309
225
--------------------
310
--------------------
311
--------------------
312
--------------------
313
2057
--------------------
314
796
--------------------
315
--------------------
316
--------------------
317
--------------------
318
--------------------
319
--------------------
320
62
--------------------
321
--------------------
322
1085
--------------------
323
--------------------
324
--------------------
325
--------------------
326
--------------------
327
--------------------
328
1121
--------------------
329
1469
--------------------
330
430
--------------------
331
--------------------
332
--------------------
333
--------------------
334
--------------------
335
49
--------------------
336
330
--------------------
337
32
--------------------
338
--------------------
339
--------------------
340
2072
--------------------
341
4331
--------------------
342
--------------------
343
--------------------
344
--------------------
345
--------------------
346
3938
--------------------
347
--------------------
348
--------------------
349
--------------------
350
--------------------
351
279
--------------------
352
--------------------
353
--------------------
354
--------------------
355
163
--------------------
356
--------------------
357
353
--------------------
358
--------------------
359
--------------------
360
--------------------
361
--------------------
362
--------------------
363
--------------------
364
773
--------------------
365
--------------------
366
3253
--------------------
367
1372
--------------------
368
--------------------
369
1676
--------------------
370
--------------------
371
--------------------
372
325
--------------------
373
2459
--------------------
374
--------------------
375
--------------------
376
--------------------
377
--------------------
378
--------------------
379
4859
--------------------
380
--------------------
381
--------------------
382
--------------------
383
--------------------
384
--------------------
385
1654
--------------------
386
--------------------
387
--------------------
388
--------------------
389
--------------------
390
--------------------
391
3562
--------------------
392
--------------------
393
--------------------
394
--------------------
395
246
--------------------
396
--------------------
397
--------------------
398
--------------------
399
57
1709.7534246575342
146
{0: [1, 4999], 1: [0, 4860], 2: [0, 3050], 3: [1, 4999], 4: [1, 4999], 5: [1, 4999], 6: [1, 4999], 7: [1, 4999], 8: [0, 4596], 9: [0, 3775], 10: [0, 1254], 11: [1, 4999], 12: [0, 1334], 13: [1, 4999], 14: [1, 4999], 15: [0, 81], 16: [1, 4999], 17: [1, 4999], 18: [1, 4999], 19: [1, 4999], 20: [0, 63], 21: [1, 4999], 22: [1, 4999], 23: [0, 4666], 24: [1, 4999], 25: [1, 4999], 26: [1, 4999], 27: [1, 4999], 28: [0, 4462], 29: [0, 4336], 30: [1, 4999], 31: [0, 2649], 32: [1, 4999], 33: [1, 4999], 34: [0, 1989], 35: [0, 1167], 36: [0, 28], 37: [0, 1162], 38: [1, 4999], 39: [0, 3896], 40: [1, 4999], 41: [0, 72], 42: [1, 4999], 43: [1, 4999], 44: [0, 89], 45: [1, 4999], 46: [0, 3314], 47: [0, 4349], 48: [1, 4999], 49: [1, 4999], 50: [1, 4999], 51: [1, 4999], 52: [1, 4999], 53: [0, 1990], 54: [0, 9], 55: [0, 1583], 56: [1, 4999], 57: [1, 4999], 58: [0, 1191], 59: [0, 68], 60: [1, 4999], 61: [1, 4999], 62: [1, 4999], 63: [1, 4999], 64: [0, 2847], 65: [1, 4999], 66: [1, 4999], 67: [1, 4999], 68: [0, 236], 69: [0, 3212], 70: [1, 4999], 71: [0, 4169], 72: [1, 4999], 73: [1, 4999], 74: [0, 1444], 75: [1, 4999], 76: [0, 89], 77: [1, 4999], 78: [0, 3477], 79: [1, 4999], 80: [1, 4999], 81: [1, 4999], 82: [1, 4999], 83: [1, 4999], 84: [1, 4999], 85: [0, 98], 86: [0, 2727], 87: [0, 268], 88: [1, 4999], 89: [1, 4999], 90: [0, 540], 91: [1, 4999], 92: [1, 4999], 93: [0, 2471], 94: [0, 183], 95: [0, 333], 96: [1, 4999], 97: [0, 2082], 98: [0, 4412], 99: [0, 682], 100: [0, 68], 101: [1, 4999], 102: [1, 4999], 103: [1, 4999], 104: [0, 78], 105: [1, 4999], 106: [1, 4999], 107: [1, 4999], 108: [0, 384], 109: [1, 4999], 110: [1, 4999], 111: [0, 4071], 112: [1, 4999], 113: [1, 4999], 114: [1, 4999], 115: [0, 19], 116: [0, 4092], 117: [1, 4999], 118: [1, 4999], 119: [1, 4999], 120: [1, 4999], 121: [1, 4999], 122: [1, 4999], 123: [1, 4999], 124: [1, 4999], 125: [1, 4999], 126: [1, 4999], 127: [1, 4999], 128: [1, 4999], 129: [1, 4999], 130: [1, 4999], 131: [0, 584], 132: [1, 4999], 133: [1, 4999], 134: [1, 4999], 135: [1, 4999], 136: [0, 1528], 137: [0, 4882], 138: [0, 242], 139: [1, 4999], 140: [1, 4999], 141: [1, 4999], 142: [0, 3045], 143: [1, 4999], 144: [1, 4999], 145: [0, 412], 146: [0, 4738], 147: [0, 848], 148: [0, 4025], 149: [1, 4999], 150: [1, 4999], 151: [1, 4999], 152: [1, 4999], 153: [1, 4999], 154: [1, 4999], 155: [1, 4999], 156: [1, 4999], 157: [1, 4999], 158: [1, 4999], 159: [1, 4999], 160: [1, 4999], 161: [1, 4999], 162: [1, 4999], 163: [0, 1649], 164: [0, 192], 165: [1, 4999], 166: [1, 4999], 167: [0, 470], 168: [0, 1860], 169: [1, 4999], 170: [0, 371], 171: [1, 4999], 172: [1, 4999], 173: [1, 4999], 174: [1, 4999], 175: [1, 4999], 176: [1, 4999], 177: [1, 4999], 178: [0, 1947], 179: [0, 996], 180: [1, 4999], 181: [1, 4999], 182: [0, 31], 183: [0, 949], 184: [1, 4999], 185: [1, 4999], 186: [0, 25], 187: [1, 4999], 188: [1, 4999], 189: [1, 4999], 190: [0, 96], 191: [1, 4999], 192: [1, 4999], 193: [1, 4999], 194: [1, 4999], 195: [1, 4999], 196: [0, 3557], 197: [1, 4999], 198: [0, 1334], 199: [0, 3855], 200: [0, 93], 201: [1, 4999], 202: [0, 830], 203: [1, 4999], 204: [0, 138], 205: [1, 4999], 206: [1, 4999], 207: [1, 4999], 208: [0, 194], 209: [1, 4999], 210: [1, 4999], 211: [1, 4999], 212: [0, 2594], 213: [1, 4999], 214: [1, 4999], 215: [1, 4999], 216: [0, 3691], 217: [0, 156], 218: [1, 4999], 219: [0, 1489], 220: [0, 98], 221: [1, 4999], 222: [1, 4999], 223: [1, 4999], 224: [0, 1586], 225: [1, 4999], 226: [1, 4999], 227: [1, 4999], 228: [0, 132], 229: [1, 4999], 230: [0, 2571], 231: [0, 1992], 232: [0, 96], 233: [0, 1535], 234: [0, 3703], 235: [0, 2969], 236: [0, 291], 237: [1, 4999], 238: [0, 2970], 239: [0, 27], 240: [0, 4026], 241: [1, 4999], 242: [1, 4999], 243: [1, 4999], 244: [1, 4999], 245: [1, 4999], 246: [0, 1095], 247: [1, 4999], 248: [1, 4999], 249: [1, 4999], 250: [0, 487], 251: [0, 112], 252: [1, 4999], 253: [0, 4218], 254: [0, 1838], 255: [1, 4999], 256: [0, 2424], 257: [0, 815], 258: [0, 1075], 259: [0, 1845], 260: [0, 2062], 261: [0, 4077], 262: [1, 4999], 263: [0, 53], 264: [1, 4999], 265: [0, 1955], 266: [1, 4999], 267: [1, 4999], 268: [0, 3180], 269: [1, 4999], 270: [1, 4999], 271: [0, 2639], 272: [1, 4999], 273: [0, 1596], 274: [1, 4999], 275: [1, 4999], 276: [0, 189], 277: [0, 12], 278: [1, 4999], 279: [1, 4999], 280: [0, 288], 281: [1, 4999], 282: [0, 3508], 283: [1, 4999], 284: [1, 4999], 285: [0, 490], 286: [1, 4999], 287: [1, 4999], 288: [1, 4999], 289: [1, 4999], 290: [0, 3952], 291: [1, 4999], 292: [1, 4999], 293: [1, 4999], 294: [1, 4999], 295: [1, 4999], 296: [1, 4999], 297: [1, 4999], 298: [0, 4983], 299: [1, 4999], 300: [0, 2423], 301: [1, 4999], 302: [0, 2448], 303: [1, 4999], 304: [1, 4999], 305: [1, 4999], 306: [1, 4999], 307: [1, 4999], 308: [1, 4999], 309: [0, 225], 310: [1, 4999], 311: [1, 4999], 312: [1, 4999], 313: [0, 2057], 314: [0, 796], 315: [1, 4999], 316: [1, 4999], 317: [1, 4999], 318: [1, 4999], 319: [1, 4999], 320: [0, 62], 321: [1, 4999], 322: [0, 1085], 323: [1, 4999], 324: [1, 4999], 325: [1, 4999], 326: [1, 4999], 327: [1, 4999], 328: [0, 1121], 329: [0, 1469], 330: [0, 430], 331: [1, 4999], 332: [1, 4999], 333: [1, 4999], 334: [1, 4999], 335: [0, 49], 336: [0, 330], 337: [0, 32], 338: [1, 4999], 339: [1, 4999], 340: [0, 2072], 341: [0, 4331], 342: [1, 4999], 343: [1, 4999], 344: [1, 4999], 345: [1, 4999], 346: [0, 3938], 347: [1, 4999], 348: [1, 4999], 349: [1, 4999], 350: [1, 4999], 351: [0, 279], 352: [1, 4999], 353: [1, 4999], 354: [1, 4999], 355: [0, 163], 356: [1, 4999], 357: [0, 353], 358: [1, 4999], 359: [1, 4999], 360: [1, 4999], 361: [1, 4999], 362: [1, 4999], 363: [1, 4999], 364: [0, 773], 365: [1, 4999], 366: [0, 3253], 367: [0, 1372], 368: [1, 4999], 369: [0, 1676], 370: [1, 4999], 371: [1, 4999], 372: [0, 325], 373: [0, 2459], 374: [1, 4999], 375: [1, 4999], 376: [1, 4999], 377: [1, 4999], 378: [1, 4999], 379: [0, 4859], 380: [1, 4999], 381: [1, 4999], 382: [1, 4999], 383: [1, 4999], 384: [1, 4999], 385: [0, 1654], 386: [1, 4999], 387: [1, 4999], 388: [1, 4999], 389: [1, 4999], 390: [1, 4999], 391: [0, 3562], 392: [1, 4999], 393: [1, 4999], 394: [1, 4999], 395: [0, 246], 396: [1, 4999], 397: [1, 4999], 398: [1, 4999], 399: [0, 57]}
